{"meta": {"format": 3, "version": "7.13.5", "timestamp": "2026-04-13T13:08:41.824843", "branch_coverage": true, "show_contexts": false}, "files": {"src/claw_rl/__init__.py": {"executed_lines": [19, 20, 23, 34, 42, 50, 53, 64, 69, 75, 83, 93, 100, 116, 127, 136, 152], "summary": {"covered_lines": 17, "num_statements": 17, "percent_covered": 100.0, "percent_covered_display": "100", "missing_lines": 0, "excluded_lines": 0, "percent_statements_covered": 100.0, "percent_statements_covered_display": "100", "num_branches": 0, "num_partial_branches": 0, "covered_branches": 0, "missing_branches": 0, "percent_branches_covered": 100.0, "percent_branches_covered_display": "100"}, "missing_lines": [], "excluded_lines": [], "executed_branches": [], "missing_branches": [], "functions": {"": {"executed_lines": [19, 20, 23, 34, 42, 50, 53, 64, 69, 75, 83, 93, 100, 116, 127, 136, 152], "summary": {"covered_lines": 17, "num_statements": 17, "percent_covered": 100.0, "percent_covered_display": "100", "missing_lines": 0, "excluded_lines": 0, "percent_statements_covered": 100.0, "percent_statements_covered_display": "100", "num_branches": 0, "num_partial_branches": 0, "covered_branches": 0, "missing_branches": 0, "percent_branches_covered": 100.0, "percent_branches_covered_display": "100"}, "missing_lines": [], "excluded_lines": [], "start_line": 1, "executed_branches": [], "missing_branches": []}}, "classes": {"": {"executed_lines": [19, 20, 23, 34, 42, 50, 53, 64, 69, 75, 83, 93, 100, 116, 127, 136, 152], "summary": {"covered_lines": 17, "num_statements": 17, "percent_covered": 100.0, "percent_covered_display": "100", "missing_lines": 0, "excluded_lines": 0, "percent_statements_covered": 100.0, "percent_statements_covered_display": "100", "num_branches": 0, "num_partial_branches": 0, "covered_branches": 0, "missing_branches": 0, "percent_branches_covered": 100.0, "percent_branches_covered_display": "100"}, "missing_lines": [], "excluded_lines": [], "start_line": 1, "executed_branches": [], "missing_branches": []}}}, "src/claw_rl/adapters/__init__.py": {"executed_lines": [8, 9, 11], "summary": {"covered_lines": 3, "num_statements": 3, "percent_covered": 100.0, "percent_covered_display": "100", "missing_lines": 0, "excluded_lines": 0, "percent_statements_covered": 100.0, "percent_statements_covered_display": "100", "num_branches": 0, "num_partial_branches": 0, "covered_branches": 0, "missing_branches": 0, "percent_branches_covered": 100.0, "percent_branches_covered_display": "100"}, "missing_lines": [], "excluded_lines": [], "executed_branches": [], "missing_branches": [], "functions": {"": {"executed_lines": [8, 9, 11], "summary": {"covered_lines": 3, "num_statements": 3, "percent_covered": 100.0, "percent_covered_display": "100", "missing_lines": 0, "excluded_lines": 0, "percent_statements_covered": 100.0, "percent_statements_covered_display": "100", "num_branches": 0, "num_partial_branches": 0, "covered_branches": 0, "missing_branches": 0, "percent_branches_covered": 100.0, "percent_branches_covered_display": "100"}, "missing_lines": [], "excluded_lines": [], "start_line": 1, "executed_branches": [], "missing_branches": []}}, "classes": {"": {"executed_lines": [8, 9, 11], "summary": {"covered_lines": 3, "num_statements": 3, "percent_covered": 100.0, "percent_covered_display": "100", "missing_lines": 0, "excluded_lines": 0, "percent_statements_covered": 100.0, "percent_statements_covered_display": "100", "num_branches": 0, "num_partial_branches": 0, "covered_branches": 0, "missing_branches": 0, "percent_branches_covered": 100.0, "percent_branches_covered_display": "100"}, "missing_lines": [], "excluded_lines": [], "start_line": 1, "executed_branches": [], "missing_branches": []}}}, "src/claw_rl/adapters/base_adapter.py": {"executed_lines": [8, 9, 10, 12, 13, 14, 15, 18, 26, 33, 34, 35, 36, 38, 45, 53, 55, 57, 59, 61, 63, 65, 67, 68, 69, 71, 78, 80, 87, 89, 96, 99, 107, 114, 115, 117, 127, 130, 139, 150, 152, 162, 164, 166, 169, 177, 184, 185, 186, 193, 203, 204, 207, 215, 216, 218, 220, 230, 231, 240, 241, 243, 250, 260, 261, 262, 264, 266, 267, 268, 269, 270, 272, 274, 275, 283, 291, 298, 299, 301, 311, 314, 321, 331, 333, 344, 345, 346, 347, 348, 349, 350, 351, 352, 354, 356, 367, 369, 371], "summary": {"covered_lines": 99, "num_statements": 99, "percent_covered": 99.1304347826087, "percent_covered_display": "99", "missing_lines": 0, "excluded_lines": 0, "percent_statements_covered": 100.0, "percent_statements_covered_display": "100", "num_branches": 16, "num_partial_branches": 1, "covered_branches": 15, "missing_branches": 1, "percent_branches_covered": 93.75, "percent_branches_covered_display": "94"}, "missing_lines": [], "excluded_lines": [], "executed_branches": [[230, 231], [230, 240], [260, 261], [260, 262], [267, 268], [267, 270], [344, 345], [345, 346], [345, 347], [347, 348], [347, 349], [349, 350], [349, 351], [351, 352], [351, 354]], "missing_branches": [[344, 354]], "functions": {"BaseObserverAdapter.__init__": {"executed_lines": [33, 34, 35, 36], "summary": {"covered_lines": 4, "num_statements": 4, "percent_covered": 100.0, "percent_covered_display": "100", "missing_lines": 0, "excluded_lines": 0, "percent_statements_covered": 100.0, "percent_statements_covered_display": "100", "num_branches": 0, "num_partial_branches": 0, "covered_branches": 0, "missing_branches": 0, "percent_branches_covered": 100.0, "percent_branches_covered_display": "100"}, "missing_lines": [], "excluded_lines": [], "start_line": 26, "executed_branches": [], "missing_branches": []}, "BaseObserverAdapter.observe": {"executed_lines": [45], "summary": {"covered_lines": 1, "num_statements": 1, "percent_covered": 100.0, "percent_covered_display": "100", "missing_lines": 0, "excluded_lines": 0, "percent_statements_covered": 100.0, "percent_statements_covered_display": "100", "num_branches": 0, "num_partial_branches": 0, "covered_branches": 0, "missing_branches": 0, "percent_branches_covered": 100.0, "percent_branches_covered_display": "100"}, "missing_lines": [], "excluded_lines": [], "start_line": 38, "executed_branches": [], "missing_branches": []}, "BaseObserverAdapter.get_metrics": {"executed_lines": [55], "summary": {"covered_lines": 1, "num_statements": 1, "percent_covered": 100.0, "percent_covered_display": "100", "missing_lines": 0, "excluded_lines": 0, "percent_statements_covered": 100.0, "percent_statements_covered_display": "100", "num_branches": 0, "num_partial_branches": 0, "covered_branches": 0, "missing_branches": 0, "percent_branches_covered": 100.0, "percent_branches_covered_display": "100"}, "missing_lines": [], "excluded_lines": [], "start_line": 53, "executed_branches": [], "missing_branches": []}, "BaseObserverAdapter.get_feedback": {"executed_lines": [59], "summary": {"covered_lines": 1, "num_statements": 1, "percent_covered": 100.0, "percent_covered_display": "100", "missing_lines": 0, "excluded_lines": 0, "percent_statements_covered": 100.0, "percent_statements_covered_display": "100", "num_branches": 0, "num_partial_branches": 0, "covered_branches": 0, "missing_branches": 0, "percent_branches_covered": 100.0, "percent_branches_covered_display": "100"}, "missing_lines": [], "excluded_lines": [], "start_line": 57, "executed_branches": [], "missing_branches": []}, "BaseObserverAdapter.get_context": {"executed_lines": [63], "summary": {"covered_lines": 1, "num_statements": 1, "percent_covered": 100.0, "percent_covered_display": "100", "missing_lines": 0, "excluded_lines": 0, "percent_statements_covered": 100.0, "percent_statements_covered_display": "100", "num_branches": 0, "num_partial_branches": 0, "covered_branches": 0, "missing_branches": 0, "percent_branches_covered": 100.0, "percent_branches_covered_display": "100"}, "missing_lines": [], "excluded_lines": [], "start_line": 61, "executed_branches": [], "missing_branches": []}, "BaseObserverAdapter.reset": {"executed_lines": [67, 68, 69], "summary": {"covered_lines": 3, "num_statements": 3, "percent_covered": 100.0, "percent_covered_display": "100", "missing_lines": 0, "excluded_lines": 0, "percent_statements_covered": 100.0, "percent_statements_covered_display": "100", "num_branches": 0, "num_partial_branches": 0, "covered_branches": 0, "missing_branches": 0, "percent_branches_covered": 100.0, "percent_branches_covered_display": "100"}, "missing_lines": [], "excluded_lines": [], "start_line": 65, "executed_branches": [], "missing_branches": []}, "BaseObserverAdapter.update_metrics": {"executed_lines": [78], "summary": {"covered_lines": 1, "num_statements": 1, "percent_covered": 100.0, "percent_covered_display": "100", "missing_lines": 0, "excluded_lines": 0, "percent_statements_covered": 100.0, "percent_statements_covered_display": "100", "num_branches": 0, "num_partial_branches": 0, "covered_branches": 0, "missing_branches": 0, "percent_branches_covered": 100.0, "percent_branches_covered_display": "100"}, "missing_lines": [], "excluded_lines": [], "start_line": 71, "executed_branches": [], "missing_branches": []}, "BaseObserverAdapter.update_feedback": {"executed_lines": [87], "summary": {"covered_lines": 1, "num_statements": 1, "percent_covered": 100.0, "percent_covered_display": "100", "missing_lines": 0, "excluded_lines": 0, "percent_statements_covered": 100.0, "percent_statements_covered_display": "100", "num_branches": 0, "num_partial_branches": 0, "covered_branches": 0, "missing_branches": 0, "percent_branches_covered": 100.0, "percent_branches_covered_display": "100"}, "missing_lines": [], "excluded_lines": [], "start_line": 80, "executed_branches": [], "missing_branches": []}, "BaseObserverAdapter.update_context": {"executed_lines": [96], "summary": {"covered_lines": 1, "num_statements": 1, "percent_covered": 100.0, "percent_covered_display": "100", "missing_lines": 0, "excluded_lines": 0, "percent_statements_covered": 100.0, "percent_statements_covered_display": "100", "num_branches": 0, "num_partial_branches": 0, "covered_branches": 0, "missing_branches": 0, "percent_branches_covered": 100.0, "percent_branches_covered_display": "100"}, "missing_lines": [], "excluded_lines": [], "start_line": 89, "executed_branches": [], "missing_branches": []}, "BaseDecisionMakerAdapter.__init__": {"executed_lines": [114, 115], "summary": {"covered_lines": 2, "num_statements": 2, "percent_covered": 100.0, "percent_covered_display": "100", "missing_lines": 0, "excluded_lines": 0, "percent_statements_covered": 100.0, "percent_statements_covered_display": "100", "num_branches": 0, "num_partial_branches": 0, "covered_branches": 0, "missing_branches": 0, "percent_branches_covered": 100.0, "percent_branches_covered_display": "100"}, "missing_lines": [], "excluded_lines": [], "start_line": 107, "executed_branches": [], "missing_branches": []}, "BaseDecisionMakerAdapter.decide": {"executed_lines": [127, 130], "summary": {"covered_lines": 2, "num_statements": 2, "percent_covered": 100.0, "percent_covered_display": "100", "missing_lines": 0, "excluded_lines": 0, "percent_statements_covered": 100.0, "percent_statements_covered_display": "100", "num_branches": 0, "num_partial_branches": 0, "covered_branches": 0, "missing_branches": 0, "percent_branches_covered": 100.0, "percent_branches_covered_display": "100"}, "missing_lines": [], "excluded_lines": [], "start_line": 117, "executed_branches": [], "missing_branches": []}, "BaseDecisionMakerAdapter.get_confidence": {"executed_lines": [150], "summary": {"covered_lines": 1, "num_statements": 1, "percent_covered": 100.0, "percent_covered_display": "100", "missing_lines": 0, "excluded_lines": 0, "percent_statements_covered": 100.0, "percent_statements_covered_display": "100", "num_branches": 0, "num_partial_branches": 0, "covered_branches": 0, "missing_branches": 0, "percent_branches_covered": 100.0, "percent_branches_covered_display": "100"}, "missing_lines": [], "excluded_lines": [], "start_line": 139, "executed_branches": [], "missing_branches": []}, "BaseDecisionMakerAdapter.explain": {"executed_lines": [162], "summary": {"covered_lines": 1, "num_statements": 1, "percent_covered": 100.0, "percent_covered_display": "100", "missing_lines": 0, "excluded_lines": 0, "percent_statements_covered": 100.0, "percent_statements_covered_display": "100", "num_branches": 0, "num_partial_branches": 0, "covered_branches": 0, "missing_branches": 0, "percent_branches_covered": 100.0, "percent_branches_covered_display": "100"}, "missing_lines": [], "excluded_lines": [], "start_line": 152, "executed_branches": [], "missing_branches": []}, "BaseDecisionMakerAdapter.reset": {"executed_lines": [166], "summary": {"covered_lines": 1, "num_statements": 1, "percent_covered": 100.0, "percent_covered_display": "100", "missing_lines": 0, "excluded_lines": 0, "percent_statements_covered": 100.0, "percent_statements_covered_display": "100", "num_branches": 0, "num_partial_branches": 0, "covered_branches": 0, "missing_branches": 0, "percent_branches_covered": 100.0, "percent_branches_covered_display": "100"}, "missing_lines": [], "excluded_lines": [], "start_line": 164, "executed_branches": [], "missing_branches": []}, "BaseExecutorAdapter.__init__": {"executed_lines": [184, 185, 186], "summary": {"covered_lines": 3, "num_statements": 3, "percent_covered": 100.0, "percent_covered_display": "100", "missing_lines": 0, "excluded_lines": 0, "percent_statements_covered": 100.0, "percent_statements_covered_display": "100", "num_branches": 0, "num_partial_branches": 0, "covered_branches": 0, "missing_branches": 0, "percent_branches_covered": 100.0, "percent_branches_covered_display": "100"}, "missing_lines": [], "excluded_lines": [], "start_line": 177, "executed_branches": [], "missing_branches": []}, "BaseExecutorAdapter.execute": {"executed_lines": [203, 204, 207, 215, 216, 218], "summary": {"covered_lines": 6, "num_statements": 6, "percent_covered": 100.0, "percent_covered_display": "100", "missing_lines": 0, "excluded_lines": 0, "percent_statements_covered": 100.0, "percent_statements_covered_display": "100", "num_branches": 0, "num_partial_branches": 0, "covered_branches": 0, "missing_branches": 0, "percent_branches_covered": 100.0, "percent_branches_covered_display": "100"}, "missing_lines": [], "excluded_lines": [], "start_line": 193, "executed_branches": [], "missing_branches": []}, "BaseExecutorAdapter.rollback": {"executed_lines": [230, 231, 240, 241, 243], "summary": {"covered_lines": 5, "num_statements": 5, "percent_covered": 100.0, "percent_covered_display": "100", "missing_lines": 0, "excluded_lines": 0, "percent_statements_covered": 100.0, "percent_statements_covered_display": "100", "num_branches": 2, "num_partial_branches": 0, "covered_branches": 2, "missing_branches": 0, "percent_branches_covered": 100.0, "percent_branches_covered_display": "100"}, "missing_lines": [], "excluded_lines": [], "start_line": 220, "executed_branches": [[230, 231], [230, 240]], "missing_branches": []}, "BaseExecutorAdapter.get_status": {"executed_lines": [260, 261, 262], "summary": {"covered_lines": 3, "num_statements": 3, "percent_covered": 100.0, "percent_covered_display": "100", "missing_lines": 0, "excluded_lines": 0, "percent_statements_covered": 100.0, "percent_statements_covered_display": "100", "num_branches": 2, "num_partial_branches": 0, "covered_branches": 2, "missing_branches": 0, "percent_branches_covered": 100.0, "percent_branches_covered_display": "100"}, "missing_lines": [], "excluded_lines": [], "start_line": 250, "executed_branches": [[260, 261], [260, 262]], "missing_branches": []}, "BaseExecutorAdapter.get_metrics": {"executed_lines": [266, 267, 268, 269, 270], "summary": {"covered_lines": 5, "num_statements": 5, "percent_covered": 100.0, "percent_covered_display": "100", "missing_lines": 0, "excluded_lines": 0, "percent_statements_covered": 100.0, "percent_statements_covered_display": "100", "num_branches": 2, "num_partial_branches": 0, "covered_branches": 2, "missing_branches": 0, "percent_branches_covered": 100.0, "percent_branches_covered_display": "100"}, "missing_lines": [], "excluded_lines": [], "start_line": 264, "executed_branches": [[267, 268], [267, 270]], "missing_branches": []}, "BaseExecutorAdapter.reset": {"executed_lines": [274, 275], "summary": {"covered_lines": 2, "num_statements": 2, "percent_covered": 100.0, "percent_covered_display": "100", "missing_lines": 0, "excluded_lines": 0, "percent_statements_covered": 100.0, "percent_statements_covered_display": "100", "num_branches": 0, "num_partial_branches": 0, "covered_branches": 0, "missing_branches": 0, "percent_branches_covered": 100.0, "percent_branches_covered_display": "100"}, "missing_lines": [], "excluded_lines": [], "start_line": 272, "executed_branches": [], "missing_branches": []}, "BaseSignalAdapter.__init__": {"executed_lines": [298, 299], "summary": {"covered_lines": 2, "num_statements": 2, "percent_covered": 100.0, "percent_covered_display": "100", "missing_lines": 0, "excluded_lines": 0, "percent_statements_covered": 100.0, "percent_statements_covered_display": "100", "num_branches": 0, "num_partial_branches": 0, "covered_branches": 0, "missing_branches": 0, "percent_branches_covered": 100.0, "percent_branches_covered_display": "100"}, "missing_lines": [], "excluded_lines": [], "start_line": 291, "executed_branches": [], "missing_branches": []}, "BaseSignalAdapter.adapt": {"executed_lines": [311, 314], "summary": {"covered_lines": 2, "num_statements": 2, "percent_covered": 100.0, "percent_covered_display": "100", "missing_lines": 0, "excluded_lines": 0, "percent_statements_covered": 100.0, "percent_statements_covered_display": "100", "num_branches": 0, "num_partial_branches": 0, "covered_branches": 0, "missing_branches": 0, "percent_branches_covered": 100.0, "percent_branches_covered_display": "100"}, "missing_lines": [], "excluded_lines": [], "start_line": 301, "executed_branches": [], "missing_branches": []}, "BaseSignalAdapter.adapt_batch": {"executed_lines": [331], "summary": {"covered_lines": 1, "num_statements": 1, "percent_covered": 100.0, "percent_covered_display": "100", "missing_lines": 0, "excluded_lines": 0, "percent_statements_covered": 100.0, "percent_statements_covered_display": "100", "num_branches": 0, "num_partial_branches": 0, "covered_branches": 0, "missing_branches": 0, "percent_branches_covered": 100.0, "percent_branches_covered_display": "100"}, "missing_lines": [], "excluded_lines": [], "start_line": 321, "executed_branches": [], "missing_branches": []}, "BaseSignalAdapter.detect_type": {"executed_lines": [344, 345, 346, 347, 348, 349, 350, 351, 352, 354], "summary": {"covered_lines": 10, "num_statements": 10, "percent_covered": 95.0, "percent_covered_display": "95", "missing_lines": 0, "excluded_lines": 0, "percent_statements_covered": 100.0, "percent_statements_covered_display": "100", "num_branches": 10, "num_partial_branches": 1, "covered_branches": 9, "missing_branches": 1, "percent_branches_covered": 90.0, "percent_branches_covered_display": "90"}, "missing_lines": [], "excluded_lines": [], "start_line": 333, "executed_branches": [[344, 345], [345, 346], [345, 347], [347, 348], [347, 349], [349, 350], [349, 351], [351, 352], [351, 354]], "missing_branches": [[344, 354]]}, "BaseSignalAdapter.validate": {"executed_lines": [367], "summary": {"covered_lines": 1, "num_statements": 1, "percent_covered": 100.0, "percent_covered_display": "100", "missing_lines": 0, "excluded_lines": 0, "percent_statements_covered": 100.0, "percent_statements_covered_display": "100", "num_branches": 0, "num_partial_branches": 0, "covered_branches": 0, "missing_branches": 0, "percent_branches_covered": 100.0, "percent_branches_covered_display": "100"}, "missing_lines": [], "excluded_lines": [], "start_line": 356, "executed_branches": [], "missing_branches": []}, "BaseSignalAdapter.get_source_name": {"executed_lines": [371], "summary": {"covered_lines": 1, "num_statements": 1, "percent_covered": 100.0, "percent_covered_display": "100", "missing_lines": 0, "excluded_lines": 0, "percent_statements_covered": 100.0, "percent_statements_covered_display": "100", "num_branches": 0, "num_partial_branches": 0, "covered_branches": 0, "missing_branches": 0, "percent_branches_covered": 100.0, "percent_branches_covered_display": "100"}, "missing_lines": [], "excluded_lines": [], "start_line": 369, "executed_branches": [], "missing_branches": []}, "": {"executed_lines": [8, 9, 10, 12, 13, 14, 15, 18, 26, 38, 53, 57, 61, 65, 71, 80, 89, 99, 107, 117, 139, 152, 164, 169, 177, 193, 220, 250, 264, 272, 283, 291, 301, 321, 333, 356, 369], "summary": {"covered_lines": 37, "num_statements": 37, "percent_covered": 100.0, "percent_covered_display": "100", "missing_lines": 0, "excluded_lines": 0, "percent_statements_covered": 100.0, "percent_statements_covered_display": "100", "num_branches": 0, "num_partial_branches": 0, "covered_branches": 0, "missing_branches": 0, "percent_branches_covered": 100.0, "percent_branches_covered_display": "100"}, "missing_lines": [], "excluded_lines": [], "start_line": 1, "executed_branches": [], "missing_branches": []}}, "classes": {"BaseObserverAdapter": {"executed_lines": [33, 34, 35, 36, 45, 55, 59, 63, 67, 68, 69, 78, 87, 96], "summary": {"covered_lines": 14, "num_statements": 14, "percent_covered": 100.0, "percent_covered_display": "100", "missing_lines": 0, "excluded_lines": 0, "percent_statements_covered": 100.0, "percent_statements_covered_display": "100", "num_branches": 0, "num_partial_branches": 0, "covered_branches": 0, "missing_branches": 0, "percent_branches_covered": 100.0, "percent_branches_covered_display": "100"}, "missing_lines": [], "excluded_lines": [], "start_line": 18, "executed_branches": [], "missing_branches": []}, "BaseDecisionMakerAdapter": {"executed_lines": [114, 115, 127, 130, 150, 162, 166], "summary": {"covered_lines": 7, "num_statements": 7, "percent_covered": 100.0, "percent_covered_display": "100", "missing_lines": 0, "excluded_lines": 0, "percent_statements_covered": 100.0, "percent_statements_covered_display": "100", "num_branches": 0, "num_partial_branches": 0, "covered_branches": 0, "missing_branches": 0, "percent_branches_covered": 100.0, "percent_branches_covered_display": "100"}, "missing_lines": [], "excluded_lines": [], "start_line": 99, "executed_branches": [], "missing_branches": []}, "BaseExecutorAdapter": {"executed_lines": [184, 185, 186, 203, 204, 207, 215, 216, 218, 230, 231, 240, 241, 243, 260, 261, 262, 266, 267, 268, 269, 270, 274, 275], "summary": {"covered_lines": 24, "num_statements": 24, "percent_covered": 100.0, "percent_covered_display": "100", "missing_lines": 0, "excluded_lines": 0, "percent_statements_covered": 100.0, "percent_statements_covered_display": "100", "num_branches": 6, "num_partial_branches": 0, "covered_branches": 6, "missing_branches": 0, "percent_branches_covered": 100.0, "percent_branches_covered_display": "100"}, "missing_lines": [], "excluded_lines": [], "start_line": 169, "executed_branches": [[230, 231], [230, 240], [260, 261], [260, 262], [267, 268], [267, 270]], "missing_branches": []}, "BaseSignalAdapter": {"executed_lines": [298, 299, 311, 314, 331, 344, 345, 346, 347, 348, 349, 350, 351, 352, 354, 367, 371], "summary": {"covered_lines": 17, "num_statements": 17, "percent_covered": 96.29629629629629, "percent_covered_display": "96", "missing_lines": 0, "excluded_lines": 0, "percent_statements_covered": 100.0, "percent_statements_covered_display": "100", "num_branches": 10, "num_partial_branches": 1, "covered_branches": 9, "missing_branches": 1, "percent_branches_covered": 90.0, "percent_branches_covered_display": "90"}, "missing_lines": [], "excluded_lines": [], "start_line": 283, "executed_branches": [[344, 345], [345, 346], [345, 347], [347, 348], [347, 349], [349, 350], [349, 351], [351, 352], [351, 354]], "missing_branches": [[344, 354]]}, "": {"executed_lines": [8, 9, 10, 12, 13, 14, 15, 18, 26, 38, 53, 57, 61, 65, 71, 80, 89, 99, 107, 117, 139, 152, 164, 169, 177, 193, 220, 250, 264, 272, 283, 291, 301, 321, 333, 356, 369], "summary": {"covered_lines": 37, "num_statements": 37, "percent_covered": 100.0, "percent_covered_display": "100", "missing_lines": 0, "excluded_lines": 0, "percent_statements_covered": 100.0, "percent_statements_covered_display": "100", "num_branches": 0, "num_partial_branches": 0, "covered_branches": 0, "missing_branches": 0, "percent_branches_covered": 100.0, "percent_branches_covered_display": "100"}, "missing_lines": [], "excluded_lines": [], "start_line": 1, "executed_branches": [], "missing_branches": []}}}, "src/claw_rl/adapters/openclaw_adapter.py": {"executed_lines": [9, 10, 11, 13, 14, 15, 16, 17, 25, 37, 39, 40, 42, 50, 51, 52, 54, 65, 67, 74, 76, 82, 84, 90, 97, 99, 100, 101, 102, 104, 105, 106, 107, 109, 111, 112, 113, 116, 117, 118, 119, 121, 123, 124, 127, 136, 138, 140, 150, 152, 153, 155, 157, 158, 159, 160, 161, 162, 163, 164, 166, 168, 170, 182, 184, 185, 187, 199, 201, 212, 214, 226, 228, 235, 237, 244, 254, 257, 259, 267, 269, 279, 280, 283, 284, 286, 288, 290], "summary": {"covered_lines": 88, "num_statements": 89, "percent_covered": 97.3913043478261, "percent_covered_display": "97", "missing_lines": 1, "excluded_lines": 0, "percent_statements_covered": 98.87640449438203, "percent_statements_covered_display": "99", "num_branches": 26, "num_partial_branches": 2, "covered_branches": 24, "missing_branches": 2, "percent_branches_covered": 92.3076923076923, "percent_branches_covered_display": "92"}, "missing_lines": [255], "excluded_lines": [], "executed_branches": [[99, 100], [99, 104], [104, 105], [104, 111], [106, 107], [106, 109], [111, 112], [118, -90], [118, 119], [152, 153], [152, 155], [157, 158], [157, 159], [159, 160], [159, 161], [161, 162], [161, 163], [163, 164], [163, 166], [254, 257], [279, 280], [279, 283], [283, 284], [283, 286]], "missing_branches": [[111, 116], [254, 255]], "functions": {"OpenClawObserverAdapter.__init__": {"executed_lines": [39, 40], "summary": {"covered_lines": 2, "num_statements": 2, "percent_covered": 100.0, "percent_covered_display": "100", "missing_lines": 0, "excluded_lines": 0, "percent_statements_covered": 100.0, "percent_statements_covered_display": "100", "num_branches": 0, "num_partial_branches": 0, "covered_branches": 0, "missing_branches": 0, "percent_branches_covered": 100.0, "percent_branches_covered_display": "100"}, "missing_lines": [], "excluded_lines": [], "start_line": 37, "executed_branches": [], "missing_branches": []}, "OpenClawObserverAdapter.observe": {"executed_lines": [50, 51, 52, 54], "summary": {"covered_lines": 4, "num_statements": 4, "percent_covered": 100.0, "percent_covered_display": "100", "missing_lines": 0, "excluded_lines": 0, "percent_statements_covered": 100.0, "percent_statements_covered_display": "100", "num_branches": 0, "num_partial_branches": 0, "covered_branches": 0, "missing_branches": 0, "percent_branches_covered": 100.0, "percent_branches_covered_display": "100"}, "missing_lines": [], "excluded_lines": [], "start_line": 42, "executed_branches": [], "missing_branches": []}, "OpenClawObserverAdapter._extract_metrics": {"executed_lines": [67], "summary": {"covered_lines": 1, "num_statements": 1, "percent_covered": 100.0, "percent_covered_display": "100", "missing_lines": 0, "excluded_lines": 0, "percent_statements_covered": 100.0, "percent_statements_covered_display": "100", "num_branches": 0, "num_partial_branches": 0, "covered_branches": 0, "missing_branches": 0, "percent_branches_covered": 100.0, "percent_branches_covered_display": "100"}, "missing_lines": [], "excluded_lines": [], "start_line": 65, "executed_branches": [], "missing_branches": []}, "OpenClawObserverAdapter._extract_feedback": {"executed_lines": [76], "summary": {"covered_lines": 1, "num_statements": 1, "percent_covered": 100.0, "percent_covered_display": "100", "missing_lines": 0, "excluded_lines": 0, "percent_statements_covered": 100.0, "percent_statements_covered_display": "100", "num_branches": 0, "num_partial_branches": 0, "covered_branches": 0, "missing_branches": 0, "percent_branches_covered": 100.0, "percent_branches_covered_display": "100"}, "missing_lines": [], "excluded_lines": [], "start_line": 74, "executed_branches": [], "missing_branches": []}, "OpenClawObserverAdapter._extract_context": {"executed_lines": [84], "summary": {"covered_lines": 1, "num_statements": 1, "percent_covered": 100.0, "percent_covered_display": "100", "missing_lines": 0, "excluded_lines": 0, "percent_statements_covered": 100.0, "percent_statements_covered_display": "100", "num_branches": 0, "num_partial_branches": 0, "covered_branches": 0, "missing_branches": 0, "percent_branches_covered": 100.0, "percent_branches_covered_display": "100"}, "missing_lines": [], "excluded_lines": [], "start_line": 82, "executed_branches": [], "missing_branches": []}, "OpenClawObserverAdapter.update_from_event": {"executed_lines": [97, 99, 100, 101, 102, 104, 105, 106, 107, 109, 111, 112, 113, 116, 117, 118, 119], "summary": {"covered_lines": 17, "num_statements": 17, "percent_covered": 96.29629629629629, "percent_covered_display": "96", "missing_lines": 0, "excluded_lines": 0, "percent_statements_covered": 100.0, "percent_statements_covered_display": "100", "num_branches": 10, "num_partial_branches": 1, "covered_branches": 9, "missing_branches": 1, "percent_branches_covered": 90.0, "percent_branches_covered_display": "90"}, "missing_lines": [], "excluded_lines": [], "start_line": 90, "executed_branches": [[99, 100], [99, 104], [104, 105], [104, 111], [106, 107], [106, 109], [111, 112], [118, -90], [118, 119]], "missing_branches": [[111, 116]]}, "OpenClawObserverAdapter.reset": {"executed_lines": [123, 124], "summary": {"covered_lines": 2, "num_statements": 2, "percent_covered": 100.0, "percent_covered_display": "100", "missing_lines": 0, "excluded_lines": 0, "percent_statements_covered": 100.0, "percent_statements_covered_display": "100", "num_branches": 0, "num_partial_branches": 0, "covered_branches": 0, "missing_branches": 0, "percent_branches_covered": 100.0, "percent_branches_covered_display": "100"}, "missing_lines": [], "excluded_lines": [], "start_line": 121, "executed_branches": [], "missing_branches": []}, "OpenClawSignalAdapter.__init__": {"executed_lines": [138], "summary": {"covered_lines": 1, "num_statements": 1, "percent_covered": 100.0, "percent_covered_display": "100", "missing_lines": 0, "excluded_lines": 0, "percent_statements_covered": 100.0, "percent_statements_covered_display": "100", "num_branches": 0, "num_partial_branches": 0, "covered_branches": 0, "missing_branches": 0, "percent_branches_covered": 100.0, "percent_branches_covered_display": "100"}, "missing_lines": [], "excluded_lines": [], "start_line": 136, "executed_branches": [], "missing_branches": []}, "OpenClawSignalAdapter.adapt": {"executed_lines": [150, 152, 153, 155, 157, 158, 159, 160, 161, 162, 163, 164, 166], "summary": {"covered_lines": 13, "num_statements": 13, "percent_covered": 100.0, "percent_covered_display": "100", "missing_lines": 0, "excluded_lines": 0, "percent_statements_covered": 100.0, "percent_statements_covered_display": "100", "num_branches": 10, "num_partial_branches": 0, "covered_branches": 10, "missing_branches": 0, "percent_branches_covered": 100.0, "percent_branches_covered_display": "100"}, "missing_lines": [], "excluded_lines": [], "start_line": 140, "executed_branches": [[152, 153], [152, 155], [157, 158], [157, 159], [159, 160], [159, 161], [161, 162], [161, 163], [163, 164], [163, 166]], "missing_branches": []}, "OpenClawSignalAdapter._adapt_feedback": {"executed_lines": [170], "summary": {"covered_lines": 1, "num_statements": 1, "percent_covered": 100.0, "percent_covered_display": "100", "missing_lines": 0, "excluded_lines": 0, "percent_statements_covered": 100.0, "percent_statements_covered_display": "100", "num_branches": 0, "num_partial_branches": 0, "covered_branches": 0, "missing_branches": 0, "percent_branches_covered": 100.0, "percent_branches_covered_display": "100"}, "missing_lines": [], "excluded_lines": [], "start_line": 168, "executed_branches": [], "missing_branches": []}, "OpenClawSignalAdapter._adapt_tool_result": {"executed_lines": [184, 185, 187], "summary": {"covered_lines": 3, "num_statements": 3, "percent_covered": 100.0, "percent_covered_display": "100", "missing_lines": 0, "excluded_lines": 0, "percent_statements_covered": 100.0, "percent_statements_covered_display": "100", "num_branches": 0, "num_partial_branches": 0, "covered_branches": 0, "missing_branches": 0, "percent_branches_covered": 100.0, "percent_branches_covered_display": "100"}, "missing_lines": [], "excluded_lines": [], "start_line": 182, "executed_branches": [], "missing_branches": []}, "OpenClawSignalAdapter._adapt_error": {"executed_lines": [201], "summary": {"covered_lines": 1, "num_statements": 1, "percent_covered": 100.0, "percent_covered_display": "100", "missing_lines": 0, "excluded_lines": 0, "percent_statements_covered": 100.0, "percent_statements_covered_display": "100", "num_branches": 0, "num_partial_branches": 0, "covered_branches": 0, "missing_branches": 0, "percent_branches_covered": 100.0, "percent_branches_covered_display": "100"}, "missing_lines": [], "excluded_lines": [], "start_line": 199, "executed_branches": [], "missing_branches": []}, "OpenClawSignalAdapter._adapt_metric": {"executed_lines": [214], "summary": {"covered_lines": 1, "num_statements": 1, "percent_covered": 100.0, "percent_covered_display": "100", "missing_lines": 0, "excluded_lines": 0, "percent_statements_covered": 100.0, "percent_statements_covered_display": "100", "num_branches": 0, "num_partial_branches": 0, "covered_branches": 0, "missing_branches": 0, "percent_branches_covered": 100.0, "percent_branches_covered_display": "100"}, "missing_lines": [], "excluded_lines": [], "start_line": 212, "executed_branches": [], "missing_branches": []}, "OpenClawSignalAdapter._adapt_generic": {"executed_lines": [228], "summary": {"covered_lines": 1, "num_statements": 1, "percent_covered": 100.0, "percent_covered_display": "100", "missing_lines": 0, "excluded_lines": 0, "percent_statements_covered": 100.0, "percent_statements_covered_display": "100", "num_branches": 0, "num_partial_branches": 0, "covered_branches": 0, "missing_branches": 0, "percent_branches_covered": 100.0, "percent_branches_covered_display": "100"}, "missing_lines": [], "excluded_lines": [], "start_line": 226, "executed_branches": [], "missing_branches": []}, "OpenClawSignalAdapter._adapt_unknown": {"executed_lines": [237], "summary": {"covered_lines": 1, "num_statements": 1, "percent_covered": 100.0, "percent_covered_display": "100", "missing_lines": 0, "excluded_lines": 0, "percent_statements_covered": 100.0, "percent_statements_covered_display": "100", "num_branches": 0, "num_partial_branches": 0, "covered_branches": 0, "missing_branches": 0, "percent_branches_covered": 100.0, "percent_branches_covered_display": "100"}, "missing_lines": [], "excluded_lines": [], "start_line": 235, "executed_branches": [], "missing_branches": []}, "OpenClawSignalAdapter.detect_type": {"executed_lines": [254, 257, 259, 267], "summary": {"covered_lines": 4, "num_statements": 5, "percent_covered": 71.42857142857143, "percent_covered_display": "71", "missing_lines": 1, "excluded_lines": 0, "percent_statements_covered": 80.0, "percent_statements_covered_display": "80", "num_branches": 2, "num_partial_branches": 1, "covered_branches": 1, "missing_branches": 1, "percent_branches_covered": 50.0, "percent_branches_covered_display": "50"}, "missing_lines": [255], "excluded_lines": [], "start_line": 244, "executed_branches": [[254, 257]], "missing_branches": [[254, 255]]}, "OpenClawSignalAdapter.validate": {"executed_lines": [279, 280, 283, 284, 286], "summary": {"covered_lines": 5, "num_statements": 5, "percent_covered": 100.0, "percent_covered_display": "100", "missing_lines": 0, "excluded_lines": 0, "percent_statements_covered": 100.0, "percent_statements_covered_display": "100", "num_branches": 4, "num_partial_branches": 0, "covered_branches": 4, "missing_branches": 0, "percent_branches_covered": 100.0, "percent_branches_covered_display": "100"}, "missing_lines": [], "excluded_lines": [], "start_line": 269, "executed_branches": [[279, 280], [279, 283], [283, 284], [283, 286]], "missing_branches": []}, "OpenClawSignalAdapter.get_source_name": {"executed_lines": [290], "summary": {"covered_lines": 1, "num_statements": 1, "percent_covered": 100.0, "percent_covered_display": "100", "missing_lines": 0, "excluded_lines": 0, "percent_statements_covered": 100.0, "percent_statements_covered_display": "100", "num_branches": 0, "num_partial_branches": 0, "covered_branches": 0, "missing_branches": 0, "percent_branches_covered": 100.0, "percent_branches_covered_display": "100"}, "missing_lines": [], "excluded_lines": [], "start_line": 288, "executed_branches": [], "missing_branches": []}, "": {"executed_lines": [9, 10, 11, 13, 14, 15, 16, 17, 25, 37, 42, 65, 74, 82, 90, 121, 127, 136, 140, 168, 182, 199, 212, 226, 235, 244, 269, 288], "summary": {"covered_lines": 28, "num_statements": 28, "percent_covered": 100.0, "percent_covered_display": "100", "missing_lines": 0, "excluded_lines": 0, "percent_statements_covered": 100.0, "percent_statements_covered_display": "100", "num_branches": 0, "num_partial_branches": 0, "covered_branches": 0, "missing_branches": 0, "percent_branches_covered": 100.0, "percent_branches_covered_display": "100"}, "missing_lines": [], "excluded_lines": [], "start_line": 1, "executed_branches": [], "missing_branches": []}}, "classes": {"OpenClawObserverAdapter": {"executed_lines": [39, 40, 50, 51, 52, 54, 67, 76, 84, 97, 99, 100, 101, 102, 104, 105, 106, 107, 109, 111, 112, 113, 116, 117, 118, 119, 123, 124], "summary": {"covered_lines": 28, "num_statements": 28, "percent_covered": 97.36842105263158, "percent_covered_display": "97", "missing_lines": 0, "excluded_lines": 0, "percent_statements_covered": 100.0, "percent_statements_covered_display": "100", "num_branches": 10, "num_partial_branches": 1, "covered_branches": 9, "missing_branches": 1, "percent_branches_covered": 90.0, "percent_branches_covered_display": "90"}, "missing_lines": [], "excluded_lines": [], "start_line": 25, "executed_branches": [[99, 100], [99, 104], [104, 105], [104, 111], [106, 107], [106, 109], [111, 112], [118, -90], [118, 119]], "missing_branches": [[111, 116]]}, "OpenClawSignalAdapter": {"executed_lines": [138, 150, 152, 153, 155, 157, 158, 159, 160, 161, 162, 163, 164, 166, 170, 184, 185, 187, 201, 214, 228, 237, 254, 257, 259, 267, 279, 280, 283, 284, 286, 290], "summary": {"covered_lines": 32, "num_statements": 33, "percent_covered": 95.91836734693878, "percent_covered_display": "96", "missing_lines": 1, "excluded_lines": 0, "percent_statements_covered": 96.96969696969697, "percent_statements_covered_display": "97", "num_branches": 16, "num_partial_branches": 1, "covered_branches": 15, "missing_branches": 1, "percent_branches_covered": 93.75, "percent_branches_covered_display": "94"}, "missing_lines": [255], "excluded_lines": [], "start_line": 127, "executed_branches": [[152, 153], [152, 155], [157, 158], [157, 159], [159, 160], [159, 161], [161, 162], [161, 163], [163, 164], [163, 166], [254, 257], [279, 280], [279, 283], [283, 284], [283, 286]], "missing_branches": [[254, 255]]}, "": {"executed_lines": [9, 10, 11, 13, 14, 15, 16, 17, 25, 37, 42, 65, 74, 82, 90, 121, 127, 136, 140, 168, 182, 199, 212, 226, 235, 244, 269, 288], "summary": {"covered_lines": 28, "num_statements": 28, "percent_covered": 100.0, "percent_covered_display": "100", "missing_lines": 0, "excluded_lines": 0, "percent_statements_covered": 100.0, "percent_statements_covered_display": "100", "num_branches": 0, "num_partial_branches": 0, "covered_branches": 0, "missing_branches": 0, "percent_branches_covered": 100.0, "percent_branches_covered_display": "100"}, "missing_lines": [], "excluded_lines": [], "start_line": 1, "executed_branches": [], "missing_branches": []}}}, "src/claw_rl/agents/__init__.py": {"executed_lines": [22, 24], "summary": {"covered_lines": 2, "num_statements": 2, "percent_covered": 100.0, "percent_covered_display": "100", "missing_lines": 0, "excluded_lines": 0, "percent_statements_covered": 100.0, "percent_statements_covered_display": "100", "num_branches": 0, "num_partial_branches": 0, "covered_branches": 0, "missing_branches": 0, "percent_branches_covered": 100.0, "percent_branches_covered_display": "100"}, "missing_lines": [], "excluded_lines": [], "executed_branches": [], "missing_branches": [], "functions": {"": {"executed_lines": [22, 24], "summary": {"covered_lines": 2, "num_statements": 2, "percent_covered": 100.0, "percent_covered_display": "100", "missing_lines": 0, "excluded_lines": 0, "percent_statements_covered": 100.0, "percent_statements_covered_display": "100", "num_branches": 0, "num_partial_branches": 0, "covered_branches": 0, "missing_branches": 0, "percent_branches_covered": 100.0, "percent_branches_covered_display": "100"}, "missing_lines": [], "excluded_lines": [], "start_line": 1, "executed_branches": [], "missing_branches": []}}, "classes": {"": {"executed_lines": [22, 24], "summary": {"covered_lines": 2, "num_statements": 2, "percent_covered": 100.0, "percent_covered_display": "100", "missing_lines": 0, "excluded_lines": 0, "percent_statements_covered": 100.0, "percent_statements_covered_display": "100", "num_branches": 0, "num_partial_branches": 0, "covered_branches": 0, "missing_branches": 0, "percent_branches_covered": 100.0, "percent_branches_covered_display": "100"}, "missing_lines": [], "excluded_lines": [], "start_line": 1, "executed_branches": [], "missing_branches": []}}}, "src/claw_rl/agents/signal_collector.py": {"executed_lines": [22, 23, 24, 25, 26, 29, 30, 51, 52, 53, 55, 57, 69, 70, 72, 84, 92, 93, 94, 95, 96, 98, 106, 107, 110, 111, 113, 116, 140, 147, 160, 168, 175, 176, 177, 179, 206, 218, 220, 222, 224, 225, 227, 228, 230, 251, 252, 254, 255, 258, 259, 261, 262, 266, 267, 268, 271, 272, 275, 276, 277, 278, 279, 282, 284, 290, 292, 302, 304, 315, 326, 327, 328, 329, 330, 333, 334, 336, 338, 349, 352, 353, 354, 355, 356, 359, 360, 361, 362, 364, 372, 374, 376, 386, 388, 389, 391, 393, 394, 395, 404, 405, 406, 413], "summary": {"covered_lines": 104, "num_statements": 111, "percent_covered": 91.3907284768212, "percent_covered_display": "91", "missing_lines": 7, "excluded_lines": 0, "percent_statements_covered": 93.69369369369369, "percent_statements_covered_display": "94", "num_branches": 40, "num_partial_branches": 6, "covered_branches": 34, "missing_branches": 6, "percent_branches_covered": 85.0, "percent_branches_covered_display": "85"}, "missing_lines": [263, 269, 280, 285, 287, 288, 305], "excluded_lines": [], "executed_branches": [[92, 93], [92, 94], [94, 95], [94, 96], [106, 107], [106, 110], [110, 111], [110, 113], [258, 259], [258, 290], [262, 266], [267, 268], [267, 284], [268, 271], [275, 276], [275, 277], [277, 278], [277, 279], [279, 282], [284, 258], [304, 315], [326, 327], [326, 333], [353, 354], [353, 359], [354, 355], [354, 356], [360, 361], [360, 372], [391, 393], [391, 413], [394, 395], [405, 391], [405, 406]], "missing_branches": [[262, 263], [268, 269], [279, 280], [284, 285], [304, 305], [394, 404]], "functions": {"AgentSignal.to_dict": {"executed_lines": [57], "summary": {"covered_lines": 1, "num_statements": 1, "percent_covered": 100.0, "percent_covered_display": "100", "missing_lines": 0, "excluded_lines": 0, "percent_statements_covered": 100.0, "percent_statements_covered_display": "100", "num_branches": 0, "num_partial_branches": 0, "covered_branches": 0, "missing_branches": 0, "percent_branches_covered": 100.0, "percent_branches_covered_display": "100"}, "missing_lines": [], "excluded_lines": [], "start_line": 55, "executed_branches": [], "missing_branches": []}, "AgentSignal.from_dict": {"executed_lines": [72], "summary": {"covered_lines": 1, "num_statements": 1, "percent_covered": 100.0, "percent_covered_display": "100", "missing_lines": 0, "excluded_lines": 0, "percent_statements_covered": 100.0, "percent_statements_covered_display": "100", "num_branches": 0, "num_partial_branches": 0, "covered_branches": 0, "missing_branches": 0, "percent_branches_covered": 100.0, "percent_branches_covered_display": "100"}, "missing_lines": [], "excluded_lines": [], "start_line": 70, "executed_branches": [], "missing_branches": []}, "AgentSignal.to_reward": {"executed_lines": [92, 93, 94, 95, 96], "summary": {"covered_lines": 5, "num_statements": 5, "percent_covered": 100.0, "percent_covered_display": "100", "missing_lines": 0, "excluded_lines": 0, "percent_statements_covered": 100.0, "percent_statements_covered_display": "100", "num_branches": 4, "num_partial_branches": 0, "covered_branches": 4, "missing_branches": 0, "percent_branches_covered": 100.0, "percent_branches_covered_display": "100"}, "missing_lines": [], "excluded_lines": [], "start_line": 84, "executed_branches": [[92, 93], [92, 94], [94, 95], [94, 96]], "missing_branches": []}, "AgentSignal.to_hint": {"executed_lines": [106, 107, 110, 111, 113], "summary": {"covered_lines": 5, "num_statements": 5, "percent_covered": 100.0, "percent_covered_display": "100", "missing_lines": 0, "excluded_lines": 0, "percent_statements_covered": 100.0, "percent_statements_covered_display": "100", "num_branches": 4, "num_partial_branches": 0, "covered_branches": 4, "missing_branches": 0, "percent_branches_covered": 100.0, "percent_branches_covered_display": "100"}, "missing_lines": [], "excluded_lines": [], "start_line": 98, "executed_branches": [[106, 107], [106, 110], [110, 111], [110, 113]], "missing_branches": []}, "AgentSignalCollector.__init__": {"executed_lines": [175, 176, 177], "summary": {"covered_lines": 3, "num_statements": 3, "percent_covered": 100.0, "percent_covered_display": "100", "missing_lines": 0, "excluded_lines": 0, "percent_statements_covered": 100.0, "percent_statements_covered_display": "100", "num_branches": 0, "num_partial_branches": 0, "covered_branches": 0, "missing_branches": 0, "percent_branches_covered": 100.0, "percent_branches_covered_display": "100"}, "missing_lines": [], "excluded_lines": [], "start_line": 168, "executed_branches": [], "missing_branches": []}, "AgentSignalCollector.record": {"executed_lines": [206, 218, 220], "summary": {"covered_lines": 3, "num_statements": 3, "percent_covered": 100.0, "percent_covered_display": "100", "missing_lines": 0, "excluded_lines": 0, "percent_statements_covered": 100.0, "percent_statements_covered_display": "100", "num_branches": 0, "num_partial_branches": 0, "covered_branches": 0, "missing_branches": 0, "percent_branches_covered": 100.0, "percent_branches_covered_display": "100"}, "missing_lines": [], "excluded_lines": [], "start_line": 179, "executed_branches": [], "missing_branches": []}, "AgentSignalCollector._save_signal": {"executed_lines": [224, 225, 227, 228], "summary": {"covered_lines": 4, "num_statements": 4, "percent_covered": 100.0, "percent_covered_display": "100", "missing_lines": 0, "excluded_lines": 0, "percent_statements_covered": 100.0, "percent_statements_covered_display": "100", "num_branches": 0, "num_partial_branches": 0, "covered_branches": 0, "missing_branches": 0, "percent_branches_covered": 100.0, "percent_branches_covered_display": "100"}, "missing_lines": [], "excluded_lines": [], "start_line": 222, "executed_branches": [], "missing_branches": []}, "AgentSignalCollector.get_signals": {"executed_lines": [251, 252, 254, 255, 258, 259, 261, 262, 266, 267, 268, 271, 272, 275, 276, 277, 278, 279, 282, 284, 290], "summary": {"covered_lines": 21, "num_statements": 27, "percent_covered": 76.74418604651163, "percent_covered_display": "77", "missing_lines": 6, "excluded_lines": 0, "percent_statements_covered": 77.77777777777777, "percent_statements_covered_display": "78", "num_branches": 16, "num_partial_branches": 4, "covered_branches": 12, "missing_branches": 4, "percent_branches_covered": 75.0, "percent_branches_covered_display": "75"}, "missing_lines": [263, 269, 280, 285, 287, 288], "excluded_lines": [], "start_line": 230, "executed_branches": [[258, 259], [258, 290], [262, 266], [267, 268], [267, 284], [268, 271], [275, 276], [275, 277], [277, 278], [277, 279], [279, 282], [284, 258]], "missing_branches": [[262, 263], [268, 269], [279, 280], [284, 285]]}, "AgentSignalCollector.get_statistics": {"executed_lines": [302, 304, 315, 326, 327, 328, 329, 330, 333, 334, 336], "summary": {"covered_lines": 11, "num_statements": 12, "percent_covered": 87.5, "percent_covered_display": "88", "missing_lines": 1, "excluded_lines": 0, "percent_statements_covered": 91.66666666666667, "percent_statements_covered_display": "92", "num_branches": 4, "num_partial_branches": 1, "covered_branches": 3, "missing_branches": 1, "percent_branches_covered": 75.0, "percent_branches_covered_display": "75"}, "missing_lines": [305], "excluded_lines": [], "start_line": 292, "executed_branches": [[304, 315], [326, 327], [326, 333]], "missing_branches": [[304, 305]]}, "AgentSignalCollector.get_top_agents": {"executed_lines": [349, 352, 353, 354, 355, 356, 359, 360, 361, 362, 364, 372, 374], "summary": {"covered_lines": 13, "num_statements": 13, "percent_covered": 100.0, "percent_covered_display": "100", "missing_lines": 0, "excluded_lines": 0, "percent_statements_covered": 100.0, "percent_statements_covered_display": "100", "num_branches": 6, "num_partial_branches": 0, "covered_branches": 6, "missing_branches": 0, "percent_branches_covered": 100.0, "percent_branches_covered_display": "100"}, "missing_lines": [], "excluded_lines": [], "start_line": 338, "executed_branches": [[353, 354], [353, 359], [354, 355], [354, 356], [360, 361], [360, 372]], "missing_branches": []}, "AgentSignalCollector.export_to_learning": {"executed_lines": [386, 388, 389, 391, 393, 394, 395, 404, 405, 406, 413], "summary": {"covered_lines": 11, "num_statements": 11, "percent_covered": 94.11764705882354, "percent_covered_display": "94", "missing_lines": 0, "excluded_lines": 0, "percent_statements_covered": 100.0, "percent_statements_covered_display": "100", "num_branches": 6, "num_partial_branches": 1, "covered_branches": 5, "missing_branches": 1, "percent_branches_covered": 83.33333333333333, "percent_branches_covered_display": "83"}, "missing_lines": [], "excluded_lines": [], "start_line": 376, "executed_branches": [[391, 393], [391, 413], [394, 395], [405, 391], [405, 406]], "missing_branches": [[394, 404]]}, "": {"executed_lines": [22, 23, 24, 25, 26, 29, 30, 51, 52, 53, 55, 69, 70, 84, 98, 116, 140, 147, 160, 168, 179, 222, 230, 292, 338, 376], "summary": {"covered_lines": 26, "num_statements": 26, "percent_covered": 100.0, "percent_covered_display": "100", "missing_lines": 0, "excluded_lines": 0, "percent_statements_covered": 100.0, "percent_statements_covered_display": "100", "num_branches": 0, "num_partial_branches": 0, "covered_branches": 0, "missing_branches": 0, "percent_branches_covered": 100.0, "percent_branches_covered_display": "100"}, "missing_lines": [], "excluded_lines": [], "start_line": 1, "executed_branches": [], "missing_branches": []}}, "classes": {"AgentSignal": {"executed_lines": [57, 72, 92, 93, 94, 95, 96, 106, 107, 110, 111, 113], "summary": {"covered_lines": 12, "num_statements": 12, "percent_covered": 100.0, "percent_covered_display": "100", "missing_lines": 0, "excluded_lines": 0, "percent_statements_covered": 100.0, "percent_statements_covered_display": "100", "num_branches": 8, "num_partial_branches": 0, "covered_branches": 8, "missing_branches": 0, "percent_branches_covered": 100.0, "percent_branches_covered_display": "100"}, "missing_lines": [], "excluded_lines": [], "start_line": 30, "executed_branches": [[92, 93], [92, 94], [94, 95], [94, 96], [106, 107], [106, 110], [110, 111], [110, 113]], "missing_branches": []}, "AgentSignalCollector": {"executed_lines": [175, 176, 177, 206, 218, 220, 224, 225, 227, 228, 251, 252, 254, 255, 258, 259, 261, 262, 266, 267, 268, 271, 272, 275, 276, 277, 278, 279, 282, 284, 290, 302, 304, 315, 326, 327, 328, 329, 330, 333, 334, 336, 349, 352, 353, 354, 355, 356, 359, 360, 361, 362, 364, 372, 374, 386, 388, 389, 391, 393, 394, 395, 404, 405, 406, 413], "summary": {"covered_lines": 66, "num_statements": 73, "percent_covered": 87.61904761904762, "percent_covered_display": "88", "missing_lines": 7, "excluded_lines": 0, "percent_statements_covered": 90.41095890410959, "percent_statements_covered_display": "90", "num_branches": 32, "num_partial_branches": 6, "covered_branches": 26, "missing_branches": 6, "percent_branches_covered": 81.25, "percent_branches_covered_display": "81"}, "missing_lines": [263, 269, 280, 285, 287, 288, 305], "excluded_lines": [], "start_line": 116, "executed_branches": [[258, 259], [258, 290], [262, 266], [267, 268], [267, 284], [268, 271], [275, 276], [275, 277], [277, 278], [277, 279], [279, 282], [284, 258], [304, 315], [326, 327], [326, 333], [353, 354], [353, 359], [354, 355], [354, 356], [360, 361], [360, 372], [391, 393], [391, 413], [394, 395], [405, 391], [405, 406]], "missing_branches": [[262, 263], [268, 269], [279, 280], [284, 285], [304, 305], [394, 404]]}, "": {"executed_lines": [22, 23, 24, 25, 26, 29, 30, 51, 52, 53, 55, 69, 70, 84, 98, 116, 140, 147, 160, 168, 179, 222, 230, 292, 338, 376], "summary": {"covered_lines": 26, "num_statements": 26, "percent_covered": 100.0, "percent_covered_display": "100", "missing_lines": 0, "excluded_lines": 0, "percent_statements_covered": 100.0, "percent_statements_covered_display": "100", "num_branches": 0, "num_partial_branches": 0, "covered_branches": 0, "missing_branches": 0, "percent_branches_covered": 100.0, "percent_branches_covered_display": "100"}, "missing_lines": [], "excluded_lines": [], "start_line": 1, "executed_branches": [], "missing_branches": []}}}, "src/claw_rl/auto_activate.py": {"executed_lines": [21, 22, 23, 24, 27, 43, 50, 51, 52, 53, 55, 56, 58, 65, 67, 70, 71, 74, 76, 82, 84, 91, 92, 94, 96, 98, 99, 100, 101, 103, 110, 112, 119, 127, 134, 138, 141, 150, 153, 156, 166, 173, 176, 187], "summary": {"covered_lines": 44, "num_statements": 50, "percent_covered": 87.5, "percent_covered_display": "88", "missing_lines": 6, "excluded_lines": 0, "percent_statements_covered": 88.0, "percent_statements_covered_display": "88", "num_branches": 6, "num_partial_branches": 1, "covered_branches": 5, "missing_branches": 1, "percent_branches_covered": 83.33333333333333, "percent_branches_covered_display": "83"}, "missing_lines": [78, 79, 80, 151, 163, 183], "excluded_lines": [], "executed_branches": [[55, -43], [55, 56], [91, -82], [91, 92], [150, 153]], "missing_branches": [[150, 151]], "functions": {"AutoActivator.__init__": {"executed_lines": [50, 51, 52, 53, 55, 56], "summary": {"covered_lines": 6, "num_statements": 6, "percent_covered": 100.0, "percent_covered_display": "100", "missing_lines": 0, "excluded_lines": 0, "percent_statements_covered": 100.0, "percent_statements_covered_display": "100", "num_branches": 2, "num_partial_branches": 0, "covered_branches": 2, "missing_branches": 0, "percent_branches_covered": 100.0, "percent_branches_covered_display": "100"}, "missing_lines": [], "excluded_lines": [], "start_line": 43, "executed_branches": [[55, -43], [55, 56]], "missing_branches": []}, "AutoActivator._activate": {"executed_lines": [65, 67, 70, 71, 74, 76], "summary": {"covered_lines": 6, "num_statements": 9, "percent_covered": 66.66666666666667, "percent_covered_display": "67", "missing_lines": 3, "excluded_lines": 0, "percent_statements_covered": 66.66666666666667, "percent_statements_covered_display": "67", "num_branches": 0, "num_partial_branches": 0, "covered_branches": 0, "missing_branches": 0, "percent_branches_covered": 100.0, "percent_branches_covered_display": "100"}, "missing_lines": [78, 79, 80], "excluded_lines": [], "start_line": 58, "executed_branches": [], "missing_branches": []}, "AutoActivator._create_directories": {"executed_lines": [84, 91, 92], "summary": {"covered_lines": 3, "num_statements": 3, "percent_covered": 100.0, "percent_covered_display": "100", "missing_lines": 0, "excluded_lines": 0, "percent_statements_covered": 100.0, "percent_statements_covered_display": "100", "num_branches": 2, "num_partial_branches": 0, "covered_branches": 2, "missing_branches": 0, "percent_branches_covered": 100.0, "percent_branches_covered_display": "100"}, "missing_lines": [], "excluded_lines": [], "start_line": 82, "executed_branches": [[91, -82], [91, 92]], "missing_branches": []}, "AutoActivator._log_activation": {"executed_lines": [96, 98, 99, 100, 101], "summary": {"covered_lines": 5, "num_statements": 5, "percent_covered": 100.0, "percent_covered_display": "100", "missing_lines": 0, "excluded_lines": 0, "percent_statements_covered": 100.0, "percent_statements_covered_display": "100", "num_branches": 0, "num_partial_branches": 0, "covered_branches": 0, "missing_branches": 0, "percent_branches_covered": 100.0, "percent_branches_covered_display": "100"}, "missing_lines": [], "excluded_lines": [], "start_line": 94, "executed_branches": [], "missing_branches": []}, "AutoActivator.is_active": {"executed_lines": [110], "summary": {"covered_lines": 1, "num_statements": 1, "percent_covered": 100.0, "percent_covered_display": "100", "missing_lines": 0, "excluded_lines": 0, "percent_statements_covered": 100.0, "percent_statements_covered_display": "100", "num_branches": 0, "num_partial_branches": 0, "covered_branches": 0, "missing_branches": 0, "percent_branches_covered": 100.0, "percent_branches_covered_display": "100"}, "missing_lines": [], "excluded_lines": [], "start_line": 103, "executed_branches": [], "missing_branches": []}, "AutoActivator.get_status": {"executed_lines": [119], "summary": {"covered_lines": 1, "num_statements": 1, "percent_covered": 100.0, "percent_covered_display": "100", "missing_lines": 0, "excluded_lines": 0, "percent_statements_covered": 100.0, "percent_statements_covered_display": "100", "num_branches": 0, "num_partial_branches": 0, "covered_branches": 0, "missing_branches": 0, "percent_branches_covered": 100.0, "percent_branches_covered_display": "100"}, "missing_lines": [], "excluded_lines": [], "start_line": 112, "executed_branches": [], "missing_branches": []}, "AutoActivator.get_data_dir": {"executed_lines": [134], "summary": {"covered_lines": 1, "num_statements": 1, "percent_covered": 100.0, "percent_covered_display": "100", "missing_lines": 0, "excluded_lines": 0, "percent_statements_covered": 100.0, "percent_statements_covered_display": "100", "num_branches": 0, "num_partial_branches": 0, "covered_branches": 0, "missing_branches": 0, "percent_branches_covered": 100.0, "percent_branches_covered_display": "100"}, "missing_lines": [], "excluded_lines": [], "start_line": 127, "executed_branches": [], "missing_branches": []}, "get_activator": {"executed_lines": [150, 153], "summary": {"covered_lines": 2, "num_statements": 3, "percent_covered": 60.0, "percent_covered_display": "60", "missing_lines": 1, "excluded_lines": 0, "percent_statements_covered": 66.66666666666667, "percent_statements_covered_display": "67", "num_branches": 2, "num_partial_branches": 1, "covered_branches": 1, "missing_branches": 1, "percent_branches_covered": 50.0, "percent_branches_covered_display": "50"}, "missing_lines": [151], "excluded_lines": [], "start_line": 141, "executed_branches": [[150, 153]], "missing_branches": [[150, 151]]}, "is_active": {"executed_lines": [], "summary": {"covered_lines": 0, "num_statements": 1, "percent_covered": 0.0, "percent_covered_display": "0", "missing_lines": 1, "excluded_lines": 0, "percent_statements_covered": 0.0, "percent_statements_covered_display": "0", "num_branches": 0, "num_partial_branches": 0, "covered_branches": 0, "missing_branches": 0, "percent_branches_covered": 100.0, "percent_branches_covered_display": "100"}, "missing_lines": [163], "excluded_lines": [], "start_line": 156, "executed_branches": [], "missing_branches": []}, "get_status": {"executed_lines": [173], "summary": {"covered_lines": 1, "num_statements": 1, "percent_covered": 100.0, "percent_covered_display": "100", "missing_lines": 0, "excluded_lines": 0, "percent_statements_covered": 100.0, "percent_statements_covered_display": "100", "num_branches": 0, "num_partial_branches": 0, "covered_branches": 0, "missing_branches": 0, "percent_branches_covered": 100.0, "percent_branches_covered_display": "100"}, "missing_lines": [], "excluded_lines": [], "start_line": 166, "executed_branches": [], "missing_branches": []}, "get_data_dir": {"executed_lines": [], "summary": {"covered_lines": 0, "num_statements": 1, "percent_covered": 0.0, "percent_covered_display": "0", "missing_lines": 1, "excluded_lines": 0, "percent_statements_covered": 0.0, "percent_statements_covered_display": "0", "num_branches": 0, "num_partial_branches": 0, "covered_branches": 0, "missing_branches": 0, "percent_branches_covered": 100.0, "percent_branches_covered_display": "100"}, "missing_lines": [183], "excluded_lines": [], "start_line": 176, "executed_branches": [], "missing_branches": []}, "": {"executed_lines": [21, 22, 23, 24, 27, 43, 58, 82, 94, 103, 112, 127, 138, 141, 156, 166, 176, 187], "summary": {"covered_lines": 18, "num_statements": 18, "percent_covered": 100.0, "percent_covered_display": "100", "missing_lines": 0, "excluded_lines": 0, "percent_statements_covered": 100.0, "percent_statements_covered_display": "100", "num_branches": 0, "num_partial_branches": 0, "covered_branches": 0, "missing_branches": 0, "percent_branches_covered": 100.0, "percent_branches_covered_display": "100"}, "missing_lines": [], "excluded_lines": [], "start_line": 1, "executed_branches": [], "missing_branches": []}}, "classes": {"AutoActivator": {"executed_lines": [50, 51, 52, 53, 55, 56, 65, 67, 70, 71, 74, 76, 84, 91, 92, 96, 98, 99, 100, 101, 110, 119, 134], "summary": {"covered_lines": 23, "num_statements": 26, "percent_covered": 90.0, "percent_covered_display": "90", "missing_lines": 3, "excluded_lines": 0, "percent_statements_covered": 88.46153846153847, "percent_statements_covered_display": "88", "num_branches": 4, "num_partial_branches": 0, "covered_branches": 4, "missing_branches": 0, "percent_branches_covered": 100.0, "percent_branches_covered_display": "100"}, "missing_lines": [78, 79, 80], "excluded_lines": [], "start_line": 27, "executed_branches": [[55, -43], [55, 56], [91, -82], [91, 92]], "missing_branches": []}, "": {"executed_lines": [21, 22, 23, 24, 27, 43, 58, 82, 94, 103, 112, 127, 138, 141, 150, 153, 156, 166, 173, 176, 187], "summary": {"covered_lines": 21, "num_statements": 24, "percent_covered": 84.61538461538461, "percent_covered_display": "85", "missing_lines": 3, "excluded_lines": 0, "percent_statements_covered": 87.5, "percent_statements_covered_display": "88", "num_branches": 2, "num_partial_branches": 1, "covered_branches": 1, "missing_branches": 1, "percent_branches_covered": 50.0, "percent_branches_covered_display": "50"}, "missing_lines": [151, 163, 183], "excluded_lines": [], "start_line": 1, "executed_branches": [[150, 153]], "missing_branches": [[150, 151]]}}}, "src/claw_rl/bridge.py": {"executed_lines": [], "summary": {"covered_lines": 0, "num_statements": 4, "percent_covered": 0.0, "percent_covered_display": "0", "missing_lines": 4, "excluded_lines": 0, "percent_statements_covered": 0.0, "percent_statements_covered_display": "0", "num_branches": 2, "num_partial_branches": 0, "covered_branches": 0, "missing_branches": 2, "percent_branches_covered": 0.0, "percent_branches_covered_display": "0"}, "missing_lines": [9, 11, 13, 14], "excluded_lines": [], "executed_branches": [], "missing_branches": [[13, -1], [13, 14]], "functions": {"": {"executed_lines": [], "summary": {"covered_lines": 0, "num_statements": 4, "percent_covered": 0.0, "percent_covered_display": "0", "missing_lines": 4, "excluded_lines": 0, "percent_statements_covered": 0.0, "percent_statements_covered_display": "0", "num_branches": 2, "num_partial_branches": 0, "covered_branches": 0, "missing_branches": 2, "percent_branches_covered": 0.0, "percent_branches_covered_display": "0"}, "missing_lines": [9, 11, 13, 14], "excluded_lines": [], "start_line": 1, "executed_branches": [], "missing_branches": [[13, -1], [13, 14]]}}, "classes": {"": {"executed_lines": [], "summary": {"covered_lines": 0, "num_statements": 4, "percent_covered": 0.0, "percent_covered_display": "0", "missing_lines": 4, "excluded_lines": 0, "percent_statements_covered": 0.0, "percent_statements_covered_display": "0", "num_branches": 2, "num_partial_branches": 0, "covered_branches": 0, "missing_branches": 2, "percent_branches_covered": 0.0, "percent_branches_covered_display": "0"}, "missing_lines": [9, 11, 13, 14], "excluded_lines": [], "start_line": 1, "executed_branches": [], "missing_branches": [[13, -1], [13, 14]]}}}, "src/claw_rl/context/__init__.py": {"executed_lines": [22, 28], "summary": {"covered_lines": 2, "num_statements": 2, "percent_covered": 100.0, "percent_covered_display": "100", "missing_lines": 0, "excluded_lines": 0, "percent_statements_covered": 100.0, "percent_statements_covered_display": "100", "num_branches": 0, "num_partial_branches": 0, "covered_branches": 0, "missing_branches": 0, "percent_branches_covered": 100.0, "percent_branches_covered_display": "100"}, "missing_lines": [], "excluded_lines": [], "executed_branches": [], "missing_branches": [], "functions": {"": {"executed_lines": [22, 28], "summary": {"covered_lines": 2, "num_statements": 2, "percent_covered": 100.0, "percent_covered_display": "100", "missing_lines": 0, "excluded_lines": 0, "percent_statements_covered": 100.0, "percent_statements_covered_display": "100", "num_branches": 0, "num_partial_branches": 0, "covered_branches": 0, "missing_branches": 0, "percent_branches_covered": 100.0, "percent_branches_covered_display": "100"}, "missing_lines": [], "excluded_lines": [], "start_line": 1, "executed_branches": [], "missing_branches": []}}, "classes": {"": {"executed_lines": [22, 28], "summary": {"covered_lines": 2, "num_statements": 2, "percent_covered": 100.0, "percent_covered_display": "100", "missing_lines": 0, "excluded_lines": 0, "percent_statements_covered": 100.0, "percent_statements_covered_display": "100", "num_branches": 0, "num_partial_branches": 0, "covered_branches": 0, "missing_branches": 0, "percent_branches_covered": 100.0, "percent_branches_covered_display": "100"}, "missing_lines": [], "excluded_lines": [], "start_line": 1, "executed_branches": [], "missing_branches": []}}}, "src/claw_rl/context/context_learning.py": {"executed_lines": [22, 23, 24, 25, 26, 29, 30, 32, 33, 34, 35, 36, 37, 38, 40, 51, 52, 56, 57, 66, 68, 81, 88, 107, 134, 148, 163, 215, 244, 279, 312, 340], "summary": {"covered_lines": 32, "num_statements": 121, "percent_covered": 20.64516129032258, "percent_covered_display": "21", "missing_lines": 89, "excluded_lines": 0, "percent_statements_covered": 26.446280991735538, "percent_statements_covered_display": "26", "num_branches": 34, "num_partial_branches": 0, "covered_branches": 0, "missing_branches": 34, "percent_branches_covered": 0.0, "percent_branches_covered_display": "0"}, "missing_lines": [41, 53, 69, 95, 98, 99, 102, 105, 109, 111, 112, 113, 114, 115, 116, 117, 119, 120, 121, 124, 125, 126, 127, 128, 130, 131, 132, 136, 137, 151, 152, 153, 154, 157, 158, 159, 161, 189, 192, 203, 206, 207, 208, 211, 213, 217, 220, 221, 222, 223, 224, 225, 226, 228, 231, 233, 235, 257, 258, 261, 262, 264, 265, 267, 274, 275, 277, 296, 299, 300, 302, 303, 304, 305, 307, 308, 310, 327, 329, 330, 333, 338, 348, 349, 350, 351, 354, 360, 362], "excluded_lines": [], "executed_branches": [], "missing_branches": [[111, 112], [111, 124], [114, 115], [114, 119], [125, -107], [125, 126], [153, 154], [153, 157], [207, 208], [207, 211], [221, 222], [221, 223], [223, 224], [223, 225], [225, 226], [225, 228], [261, 262], [261, 277], [264, 265], [264, 267], [274, 275], [274, 277], [299, 300], [299, 310], [302, 303], [302, 304], [304, 305], [304, 307], [307, 299], [307, 308], [329, 330], [329, 333], [349, 350], [349, 354]], "functions": {"DecisionContext.to_dict": {"executed_lines": [], "summary": {"covered_lines": 0, "num_statements": 1, "percent_covered": 0.0, "percent_covered_display": "0", "missing_lines": 1, "excluded_lines": 0, "percent_statements_covered": 0.0, "percent_statements_covered_display": "0", "num_branches": 0, "num_partial_branches": 0, "covered_branches": 0, "missing_branches": 0, "percent_branches_covered": 100.0, "percent_branches_covered_display": "100"}, "missing_lines": [41], "excluded_lines": [], "start_line": 40, "executed_branches": [], "missing_branches": []}, "DecisionContext.from_dict": {"executed_lines": [], "summary": {"covered_lines": 0, "num_statements": 1, "percent_covered": 0.0, "percent_covered_display": "0", "missing_lines": 1, "excluded_lines": 0, "percent_statements_covered": 0.0, "percent_statements_covered_display": "0", "num_branches": 0, "num_partial_branches": 0, "covered_branches": 0, "missing_branches": 0, "percent_branches_covered": 100.0, "percent_branches_covered_display": "100"}, "missing_lines": [53], "excluded_lines": [], "start_line": 52, "executed_branches": [], "missing_branches": []}, "ContextualDecision.to_dict": {"executed_lines": [], "summary": {"covered_lines": 0, "num_statements": 1, "percent_covered": 0.0, "percent_covered_display": "0", "missing_lines": 1, "excluded_lines": 0, "percent_statements_covered": 0.0, "percent_statements_covered_display": "0", "num_branches": 0, "num_partial_branches": 0, "covered_branches": 0, "missing_branches": 0, "percent_branches_covered": 100.0, "percent_branches_covered_display": "100"}, "missing_lines": [69], "excluded_lines": [], "start_line": 68, "executed_branches": [], "missing_branches": []}, "ContextLearner.__init__": {"executed_lines": [], "summary": {"covered_lines": 0, "num_statements": 5, "percent_covered": 0.0, "percent_covered_display": "0", "missing_lines": 5, "excluded_lines": 0, "percent_statements_covered": 0.0, "percent_statements_covered_display": "0", "num_branches": 0, "num_partial_branches": 0, "covered_branches": 0, "missing_branches": 0, "percent_branches_covered": 100.0, "percent_branches_covered_display": "100"}, "missing_lines": [95, 98, 99, 102, 105], "excluded_lines": [], "start_line": 88, "executed_branches": [], "missing_branches": []}, "ContextLearner._load_data": {"executed_lines": [], "summary": {"covered_lines": 0, "num_statements": 19, "percent_covered": 0.0, "percent_covered_display": "0", "missing_lines": 19, "excluded_lines": 0, "percent_statements_covered": 0.0, "percent_statements_covered_display": "0", "num_branches": 6, "num_partial_branches": 0, "covered_branches": 0, "missing_branches": 6, "percent_branches_covered": 0.0, "percent_branches_covered_display": "0"}, "missing_lines": [109, 111, 112, 113, 114, 115, 116, 117, 119, 120, 121, 124, 125, 126, 127, 128, 130, 131, 132], "excluded_lines": [], "start_line": 107, "executed_branches": [], "missing_branches": [[111, 112], [111, 124], [114, 115], [114, 119], [125, -107], [125, 126]]}, "ContextLearner._dict_to_decision": {"executed_lines": [], "summary": {"covered_lines": 0, "num_statements": 2, "percent_covered": 0.0, "percent_covered_display": "0", "missing_lines": 2, "excluded_lines": 0, "percent_statements_covered": 0.0, "percent_statements_covered_display": "0", "num_branches": 0, "num_partial_branches": 0, "covered_branches": 0, "missing_branches": 0, "percent_branches_covered": 100.0, "percent_branches_covered_display": "100"}, "missing_lines": [136, 137], "excluded_lines": [], "start_line": 134, "executed_branches": [], "missing_branches": []}, "ContextLearner._save_data": {"executed_lines": [], "summary": {"covered_lines": 0, "num_statements": 8, "percent_covered": 0.0, "percent_covered_display": "0", "missing_lines": 8, "excluded_lines": 0, "percent_statements_covered": 0.0, "percent_statements_covered_display": "0", "num_branches": 2, "num_partial_branches": 0, "covered_branches": 0, "missing_branches": 2, "percent_branches_covered": 0.0, "percent_branches_covered_display": "0"}, "missing_lines": [151, 152, 153, 154, 157, 158, 159, 161], "excluded_lines": [], "start_line": 148, "executed_branches": [], "missing_branches": [[153, 154], [153, 157]]}, "ContextLearner.record_decision": {"executed_lines": [], "summary": {"covered_lines": 0, "num_statements": 8, "percent_covered": 0.0, "percent_covered_display": "0", "missing_lines": 8, "excluded_lines": 0, "percent_statements_covered": 0.0, "percent_statements_covered_display": "0", "num_branches": 2, "num_partial_branches": 0, "covered_branches": 0, "missing_branches": 2, "percent_branches_covered": 0.0, "percent_branches_covered_display": "0"}, "missing_lines": [189, 192, 203, 206, 207, 208, 211, 213], "excluded_lines": [], "start_line": 163, "executed_branches": [], "missing_branches": [[207, 208], [207, 211]]}, "ContextLearner._create_context": {"executed_lines": [], "summary": {"covered_lines": 0, "num_statements": 12, "percent_covered": 0.0, "percent_covered_display": "0", "missing_lines": 12, "excluded_lines": 0, "percent_statements_covered": 0.0, "percent_statements_covered_display": "0", "num_branches": 6, "num_partial_branches": 0, "covered_branches": 0, "missing_branches": 6, "percent_branches_covered": 0.0, "percent_branches_covered_display": "0"}, "missing_lines": [217, 220, 221, 222, 223, 224, 225, 226, 228, 231, 233, 235], "excluded_lines": [], "start_line": 215, "executed_branches": [], "missing_branches": [[221, 222], [221, 223], [223, 224], [223, 225], [225, 226], [225, 228]]}, "ContextLearner._learn_pattern": {"executed_lines": [], "summary": {"covered_lines": 0, "num_statements": 10, "percent_covered": 0.0, "percent_covered_display": "0", "missing_lines": 10, "excluded_lines": 0, "percent_statements_covered": 0.0, "percent_statements_covered_display": "0", "num_branches": 6, "num_partial_branches": 0, "covered_branches": 0, "missing_branches": 6, "percent_branches_covered": 0.0, "percent_branches_covered_display": "0"}, "missing_lines": [257, 258, 261, 262, 264, 265, 267, 274, 275, 277], "excluded_lines": [], "start_line": 244, "executed_branches": [], "missing_branches": [[261, 262], [261, 277], [264, 265], [264, 267], [274, 275], [274, 277]]}, "ContextLearner.get_patterns_for_context": {"executed_lines": [], "summary": {"covered_lines": 0, "num_statements": 10, "percent_covered": 0.0, "percent_covered_display": "0", "missing_lines": 10, "excluded_lines": 0, "percent_statements_covered": 0.0, "percent_statements_covered_display": "0", "num_branches": 8, "num_partial_branches": 0, "covered_branches": 0, "missing_branches": 8, "percent_branches_covered": 0.0, "percent_branches_covered_display": "0"}, "missing_lines": [296, 299, 300, 302, 303, 304, 305, 307, 308, 310], "excluded_lines": [], "start_line": 279, "executed_branches": [], "missing_branches": [[299, 300], [299, 310], [302, 303], [302, 304], [304, 305], [304, 307], [307, 299], [307, 308]]}, "ContextLearner.get_decision_history": {"executed_lines": [], "summary": {"covered_lines": 0, "num_statements": 5, "percent_covered": 0.0, "percent_covered_display": "0", "missing_lines": 5, "excluded_lines": 0, "percent_statements_covered": 0.0, "percent_statements_covered_display": "0", "num_branches": 2, "num_partial_branches": 0, "covered_branches": 0, "missing_branches": 2, "percent_branches_covered": 0.0, "percent_branches_covered_display": "0"}, "missing_lines": [327, 329, 330, 333, 338], "excluded_lines": [], "start_line": 312, "executed_branches": [], "missing_branches": [[329, 330], [329, 333]]}, "ContextLearner.get_statistics": {"executed_lines": [], "summary": {"covered_lines": 0, "num_statements": 7, "percent_covered": 0.0, "percent_covered_display": "0", "missing_lines": 7, "excluded_lines": 0, "percent_statements_covered": 0.0, "percent_statements_covered_display": "0", "num_branches": 2, "num_partial_branches": 0, "covered_branches": 0, "missing_branches": 2, "percent_branches_covered": 0.0, "percent_branches_covered_display": "0"}, "missing_lines": [348, 349, 350, 351, 354, 360, 362], "excluded_lines": [], "start_line": 340, "executed_branches": [], "missing_branches": [[349, 350], [349, 354]]}, "": {"executed_lines": [22, 23, 24, 25, 26, 29, 30, 32, 33, 34, 35, 36, 37, 38, 40, 51, 52, 56, 57, 66, 68, 81, 88, 107, 134, 148, 163, 215, 244, 279, 312, 340], "summary": {"covered_lines": 32, "num_statements": 32, "percent_covered": 100.0, "percent_covered_display": "100", "missing_lines": 0, "excluded_lines": 0, "percent_statements_covered": 100.0, "percent_statements_covered_display": "100", "num_branches": 0, "num_partial_branches": 0, "covered_branches": 0, "missing_branches": 0, "percent_branches_covered": 100.0, "percent_branches_covered_display": "100"}, "missing_lines": [], "excluded_lines": [], "start_line": 1, "executed_branches": [], "missing_branches": []}}, "classes": {"DecisionContext": {"executed_lines": [], "summary": {"covered_lines": 0, "num_statements": 2, "percent_covered": 0.0, "percent_covered_display": "0", "missing_lines": 2, "excluded_lines": 0, "percent_statements_covered": 0.0, "percent_statements_covered_display": "0", "num_branches": 0, "num_partial_branches": 0, "covered_branches": 0, "missing_branches": 0, "percent_branches_covered": 100.0, "percent_branches_covered_display": "100"}, "missing_lines": [41, 53], "excluded_lines": [], "start_line": 30, "executed_branches": [], "missing_branches": []}, "ContextualDecision": {"executed_lines": [], "summary": {"covered_lines": 0, "num_statements": 1, "percent_covered": 0.0, "percent_covered_display": "0", "missing_lines": 1, "excluded_lines": 0, "percent_statements_covered": 0.0, "percent_statements_covered_display": "0", "num_branches": 0, "num_partial_branches": 0, "covered_branches": 0, "missing_branches": 0, "percent_branches_covered": 100.0, "percent_branches_covered_display": "100"}, "missing_lines": [69], "excluded_lines": [], "start_line": 57, "executed_branches": [], "missing_branches": []}, "ContextLearner": {"executed_lines": [], "summary": {"covered_lines": 0, "num_statements": 86, "percent_covered": 0.0, "percent_covered_display": "0", "missing_lines": 86, "excluded_lines": 0, "percent_statements_covered": 0.0, "percent_statements_covered_display": "0", "num_branches": 34, "num_partial_branches": 0, "covered_branches": 0, "missing_branches": 34, "percent_branches_covered": 0.0, "percent_branches_covered_display": "0"}, "missing_lines": [95, 98, 99, 102, 105, 109, 111, 112, 113, 114, 115, 116, 117, 119, 120, 121, 124, 125, 126, 127, 128, 130, 131, 132, 136, 137, 151, 152, 153, 154, 157, 158, 159, 161, 189, 192, 203, 206, 207, 208, 211, 213, 217, 220, 221, 222, 223, 224, 225, 226, 228, 231, 233, 235, 257, 258, 261, 262, 264, 265, 267, 274, 275, 277, 296, 299, 300, 302, 303, 304, 305, 307, 308, 310, 327, 329, 330, 333, 338, 348, 349, 350, 351, 354, 360, 362], "excluded_lines": [], "start_line": 81, "executed_branches": [], "missing_branches": [[111, 112], [111, 124], [114, 115], [114, 119], [125, -107], [125, 126], [153, 154], [153, 157], [207, 208], [207, 211], [221, 222], [221, 223], [223, 224], [223, 225], [225, 226], [225, 228], [261, 262], [261, 277], [264, 265], [264, 267], [274, 275], [274, 277], [299, 300], [299, 310], [302, 303], [302, 304], [304, 305], [304, 307], [307, 299], [307, 308], [329, 330], [329, 333], [349, 350], [349, 354]]}, "": {"executed_lines": [22, 23, 24, 25, 26, 29, 30, 32, 33, 34, 35, 36, 37, 38, 40, 51, 52, 56, 57, 66, 68, 81, 88, 107, 134, 148, 163, 215, 244, 279, 312, 340], "summary": {"covered_lines": 32, "num_statements": 32, "percent_covered": 100.0, "percent_covered_display": "100", "missing_lines": 0, "excluded_lines": 0, "percent_statements_covered": 100.0, "percent_statements_covered_display": "100", "num_branches": 0, "num_partial_branches": 0, "covered_branches": 0, "missing_branches
[...]
 40, 41, 43, 49, 60, 61, 72, 83, 95, 123, 141, 153, 165, 177], "summary": {"covered_lines": 26, "num_statements": 26, "percent_covered": 100.0, "percent_covered_display": "100", "missing_lines": 0, "excluded_lines": 5, "percent_statements_covered": 100.0, "percent_statements_covered_display": "100", "num_branches": 0, "num_partial_branches": 0, "covered_branches": 0, "missing_branches": 0, "percent_branches_covered": 100.0, "percent_branches_covered_display": "100"}, "missing_lines": [], "excluded_lines": [96, 140, 152, 164, 176], "start_line": 1, "executed_branches": [], "missing_branches": []}}}, "src/claw_rl/rule_portability.py": {"executed_lines": [24, 25, 26, 27, 28, 29, 30, 32, 35, 37, 40, 42, 45, 47, 48, 49, 50, 53, 54, 59, 60, 62, 71, 72, 82, 83, 86, 87, 88, 90, 98, 99, 108, 109, 128, 129, 130, 131, 132, 134, 153, 154, 168, 169, 172, 173, 174, 175, 176, 179, 180, 183, 184, 185, 186, 189, 203, 205, 218, 288, 375, 422, 438, 460, 483], "summary": {"covered_lines": 65, "num_statements": 191, "percent_covered": 27.426160337552744, "percent_covered_display": "27", "missing_lines": 126, "excluded_lines": 0, "percent_statements_covered": 34.031413612565444, "percent_statements_covered_display": "34", "num_branches": 46, "num_partial_branches": 0, "covered_branches": 0, "missing_branches": 46, "percent_branches_covered": 0.0, "percent_branches_covered_display": "0"}, "missing_lines": [63, 73, 91, 100, 135, 145, 146, 148, 149, 151, 155, 212, 213, 214, 215, 216, 237, 238, 244, 245, 246, 248, 249, 251, 253, 254, 257, 266, 267, 269, 271, 273, 281, 282, 283, 305, 306, 307, 310, 311, 316, 318, 319, 325, 326, 327, 328, 330, 331, 332, 334, 336, 337, 338, 341, 342, 343, 344, 345, 346, 347, 349, 352, 353, 355, 356, 358, 360, 368, 369, 370, 383, 384, 385, 386, 388, 391, 392, 393, 394, 395, 396, 403, 404, 405, 406, 407, 408, 410, 424, 425, 427, 428, 430, 431, 433, 434, 436, 448, 450, 451, 453, 454, 455, 456, 457, 458, 470, 471, 473, 475, 476, 477, 478, 479, 480, 481, 490, 492, 493, 494, 495, 497, 504, 505, 507], "excluded_lines": [], "executed_branches": [], "missing_branches": [[145, 146], [145, 148], [148, 149], [148, 151], [237, 238], [237, 244], [244, 245], [244, 248], [251, 253], [251, 257], [310, 311], [310, 316], [318, 319], [318, 325], [331, 332], [331, 334], [336, 337], [336, 358], [341, 342], [341, 352], [342, 343], [342, 345], [345, 346], [345, 347], [347, 349], [347, 352], [383, 384], [383, 385], [385, 386], [385, 388], [392, 393], [392, 403], [404, 405], [404, 410], [424, 425], [424, 427], [427, 428], [427, 430], [430, 431], [430, 433], [433, 434], [433, 436], [450, 451], [450, 453], [492, 493], [492, 507]], "functions": {"RuleVersion.to_dict": {"executed_lines": [], "summary": {"covered_lines": 0, "num_statements": 1, "percent_covered": 0.0, "percent_covered_display": "0", "missing_lines": 1, "excluded_lines": 0, "percent_statements_covered": 0.0, "percent_statements_covered_display": "0", "num_branches": 0, "num_partial_branches": 0, "covered_branches": 0, "missing_branches": 0, "percent_branches_covered": 100.0, "percent_branches_covered_display": "100"}, "missing_lines": [63], "excluded_lines": [], "start_line": 62, "executed_branches": [], "missing_branches": []}, "RuleVersion.from_dict": {"executed_lines": [], "summary": {"covered_lines": 0, "num_statements": 1, "percent_covered": 0.0, "percent_covered_display": "0", "missing_lines": 1, "excluded_lines": 0, "percent_statements_covered": 0.0, "percent_statements_covered_display": "0", "num_branches": 0, "num_partial_branches": 0, "covered_branches": 0, "missing_branches": 0, "percent_branches_covered": 100.0, "percent_branches_covered_display": "100"}, "missing_lines": [73], "excluded_lines": [], "start_line": 72, "executed_branches": [], "missing_branches": []}, "RuleLineage.to_dict": {"executed_lines": [], "summary": {"covered_lines": 0, "num_statements": 1, "percent_covered": 0.0, "percent_covered_display": "0", "missing_lines": 1, "excluded_lines": 0, "percent_statements_covered": 0.0, "percent_statements_covered_display": "0", "num_branches": 0, "num_partial_branches": 0, "covered_branches": 0, "missing_branches": 0, "percent_branches_covered": 100.0, "percent_branches_covered_display": "100"}, "missing_lines": [91], "excluded_lines": [], "start_line": 90, "executed_branches": [], "missing_branches": []}, "RuleLineage.from_dict": {"executed_lines": [], "summary": {"covered_lines": 0, "num_statements": 1, "percent_covered": 0.0, "percent_covered_display": "0", "missing_lines": 1, "excluded_lines": 0, "percent_statements_covered": 0.0, "percent_statements_covered_display": "0", "num_branches": 0, "num_partial_branches": 0, "covered_branches": 0, "missing_branches": 0, "percent_branches_covered": 100.0, "percent_branches_covered_display": "100"}, "missing_lines": [100], "excluded_lines": [], "start_line": 99, "executed_branches": [], "missing_branches": []}, "ExportedRule.to_dict": {"executed_lines": [], "summary": {"covered_lines": 0, "num_statements": 6, "percent_covered": 0.0, "percent_covered_display": "0", "missing_lines": 6, "excluded_lines": 0, "percent_statements_covered": 0.0, "percent_statements_covered_display": "0", "num_branches": 4, "num_partial_branches": 0, "covered_branches": 0, "missing_branches": 4, "percent_branches_covered": 0.0, "percent_branches_covered_display": "0"}, "missing_lines": [135, 145, 146, 148, 149, 151], "excluded_lines": [], "start_line": 134, "executed_branches": [], "missing_branches": [[145, 146], [145, 148], [148, 149], [148, 151]]}, "ExportedRule.from_dict": {"executed_lines": [], "summary": {"covered_lines": 0, "num_statements": 1, "percent_covered": 0.0, "percent_covered_display": "0", "missing_lines": 1, "excluded_lines": 0, "percent_statements_covered": 0.0, "percent_statements_covered_display": "0", "num_branches": 0, "num_partial_branches": 0, "covered_branches": 0, "missing_branches": 0, "percent_branches_covered": 100.0, "percent_branches_covered_display": "100"}, "missing_lines": [155], "excluded_lines": [], "start_line": 154, "executed_branches": [], "missing_branches": []}, "RulePortability.__init__": {"executed_lines": [], "summary": {"covered_lines": 0, "num_statements": 5, "percent_covered": 0.0, "percent_covered_display": "0", "missing_lines": 5, "excluded_lines": 0, "percent_statements_covered": 0.0, "percent_statements_covered_display": "0", "num_branches": 0, "num_partial_branches": 0, "covered_branches": 0, "missing_branches": 0, "percent_branches_covered": 100.0, "percent_branches_covered_display": "100"}, "missing_lines": [212, 213, 214, 215, 216], "excluded_lines": [], "start_line": 205, "executed_branches": [], "missing_branches": []}, "RulePortability.export_rules": {"executed_lines": [], "summary": {"covered_lines": 0, "num_statements": 19, "percent_covered": 0.0, "percent_covered_display": "0", "missing_lines": 19, "excluded_lines": 0, "percent_statements_covered": 0.0, "percent_statements_covered_display": "0", "num_branches": 6, "num_partial_branches": 0, "covered_branches": 0, "missing_branches": 6, "percent_branches_covered": 0.0, "percent_branches_covered_display": "0"}, "missing_lines": [237, 238, 244, 245, 246, 248, 249, 251, 253, 254, 257, 266, 267, 269, 271, 273, 281, 282, 283], "excluded_lines": [], "start_line": 218, "executed_branches": [], "missing_branches": [[237, 238], [237, 244], [244, 245], [244, 248], [251, 253], [251, 257]]}, "RulePortability.import_rules": {"executed_lines": [], "summary": {"covered_lines": 0, "num_statements": 36, "percent_covered": 0.0, "percent_covered_display": "0", "missing_lines": 36, "excluded_lines": 0, "percent_statements_covered": 0.0, "percent_statements_covered_display": "0", "num_branches": 16, "num_partial_branches": 0, "covered_branches": 0, "missing_branches": 16, "percent_branches_covered": 0.0, "percent_branches_covered_display": "0"}, "missing_lines": [305, 306, 307, 310, 311, 316, 318, 319, 325, 326, 327, 328, 330, 331, 332, 334, 336, 337, 338, 341, 342, 343, 344, 345, 346, 347, 349, 352, 353, 355, 356, 358, 360, 368, 369, 370], "excluded_lines": [], "start_line": 288, "executed_branches": [], "missing_branches": [[310, 311], [310, 316], [318, 319], [318, 325], [331, 332], [331, 334], [336, 337], [336, 358], [341, 342], [341, 352], [342, 343], [342, 345], [345, 346], [345, 347], [347, 349], [347, 352]]}, "RulePortability._convert_rule": {"executed_lines": [], "summary": {"covered_lines": 0, "num_statements": 18, "percent_covered": 0.0, "percent_covered_display": "0", "missing_lines": 18, "excluded_lines": 0, "percent_statements_covered": 0.0, "percent_statements_covered_display": "0", "num_branches": 8, "num_partial_branches": 0, "covered_branches": 0, "missing_branches": 8, "percent_branches_covered": 0.0, "percent_branches_covered_display": "0"}, "missing_lines": [383, 384, 385, 386, 388, 391, 392, 393, 394, 395, 396, 403, 404, 405, 406, 407, 408, 410], "excluded_lines": [], "start_line": 375, "executed_branches": [], "missing_branches": [[383, 384], [383, 385], [385, 386], [385, 388], [392, 393], [392, 403], [404, 405], [404, 410]]}, "RulePortability._validate_import_format": {"executed_lines": [], "summary": {"covered_lines": 0, "num_statements": 9, "percent_covered": 0.0, "percent_covered_display": "0", "missing_lines": 9, "excluded_lines": 0, "percent_statements_covered": 0.0, "percent_statements_covered_display": "0", "num_branches": 8, "num_partial_branches": 0, "covered_branches": 0, "missing_branches": 8, "percent_branches_covered": 0.0, "percent_branches_covered_display": "0"}, "missing_lines": [424, 425, 427, 428, 430, 431, 433, 434, 436], "excluded_lines": [], "start_line": 422, "executed_branches": [], "missing_branches": [[424, 425], [424, 427], [427, 428], [427, 430], [430, 431], [430, 433], [433, 434], [433, 436]]}, "RulePortability.get_rule_lineage": {"executed_lines": [], "summary": {"covered_lines": 0, "num_statements": 9, "percent_covered": 0.0, "percent_covered_display": "0", "missing_lines": 9, "excluded_lines": 0, "percent_statements_covered": 0.0, "percent_statements_covered_display": "0", "num_branches": 2, "num_partial_branches": 0, "covered_branches": 0, "missing_branches": 2, "percent_branches_covered": 0.0, "percent_branches_covered_display": "0"}, "missing_lines": [448, 450, 451, 453, 454, 455, 456, 457, 458], "excluded_lines": [], "start_line": 438, "executed_branches": [], "missing_branches": [[450, 451], [450, 453]]}, "RulePortability.save_rule_lineage": {"executed_lines": [], "summary": {"covered_lines": 0, "num_statements": 10, "percent_covered": 0.0, "percent_covered_display": "0", "missing_lines": 10, "excluded_lines": 0, "percent_statements_covered": 0.0, "percent_statements_covered_display": "0", "num_branches": 0, "num_partial_branches": 0, "covered_branches": 0, "missing_branches": 0, "percent_branches_covered": 100.0, "percent_branches_covered_display": "100"}, "missing_lines": [470, 471, 473, 475, 476, 477, 478, 479, 480, 481], "excluded_lines": [], "start_line": 460, "executed_branches": [], "missing_branches": []}, "RulePortability.list_exports": {"executed_lines": [], "summary": {"covered_lines": 0, "num_statements": 9, "percent_covered": 0.0, "percent_covered_display": "0", "missing_lines": 9, "excluded_lines": 0, "percent_statements_covered": 0.0, "percent_statements_covered_display": "0", "num_branches": 2, "num_partial_branches": 0, "covered_branches": 0, "missing_branches": 2, "percent_branches_covered": 0.0, "percent_branches_covered_display": "0"}, "missing_lines": [490, 492, 493, 494, 495, 497, 504, 505, 507], "excluded_lines": [], "start_line": 483, "executed_branches": [], "missing_branches": [[492, 493], [492, 507]]}, "": {"executed_lines": [24, 25, 26, 27, 28, 29, 30, 32, 35, 37, 40, 42, 45, 47, 48, 49, 50, 53, 54, 59, 60, 62, 71, 72, 82, 83, 86, 87, 88, 90, 98, 99, 108, 109, 128, 129, 130, 131, 132, 134, 153, 154, 168, 169, 172, 173, 174, 175, 176, 179, 180, 183, 184, 185, 186, 189, 203, 205, 218, 288, 375, 422, 438, 460, 483], "summary": {"covered_lines": 65, "num_statements": 65, "percent_covered": 100.0, "percent_covered_display": "100", "missing_lines": 0, "excluded_lines": 0, "percent_statements_covered": 100.0, "percent_statements_covered_display": "100", "num_branches": 0, "num_partial_branches": 0, "covered_branches": 0, "missing_branches": 0, "percent_branches_covered": 100.0, "percent_branches_covered_display": "100"}, "missing_lines": [], "excluded_lines": [], "start_line": 1, "executed_branches": [], "missing_branches": []}}, "classes": {"RuleExportError": {"executed_lines": [], "summary": {"covered_lines": 0, "num_statements": 0, "percent_covered": 100.0, "percent_covered_display": "100", "missing_lines": 0, "excluded_lines": 0, "percent_statements_covered": 100.0, "percent_statements_covered_display": "100", "num_branches": 0, "num_partial_branches": 0, "covered_branches": 0, "missing_branches": 0, "percent_branches_covered": 100.0, "percent_branches_covered_display": "100"}, "missing_lines": [], "excluded_lines": [], "start_line": 35, "executed_branches": [], "missing_branches": []}, "RuleImportError": {"executed_lines": [], "summary": {"covered_lines": 0, "num_statements": 0, "percent_covered": 100.0, "percent_covered_display": "100", "missing_lines": 0, "excluded_lines": 0, "percent_statements_covered": 100.0, "percent_statements_covered_display": "100", "num_branches": 0, "num_partial_branches": 0, "covered_branches": 0, "missing_branches": 0, "percent_branches_covered": 100.0, "percent_branches_covered_display": "100"}, "missing_lines": [], "excluded_lines": [], "start_line": 40, "executed_branches": [], "missing_branches": []}, "RuleMergeStrategy": {"executed_lines": [], "summary": {"covered_lines": 0, "num_statements": 0, "percent_covered": 100.0, "percent_covered_display": "100", "missing_lines": 0, "excluded_lines": 0, "percent_statements_covered": 100.0, "percent_statements_covered_display": "100", "num_branches": 0, "num_partial_branches": 0, "covered_branches": 0, "missing_branches": 0, "percent_branches_covered": 100.0, "percent_branches_covered_display": "100"}, "missing_lines": [], "excluded_lines": [], "start_line": 45, "executed_branches": [], "missing_branches": []}, "RuleVersion": {"executed_lines": [], "summary": {"covered_lines": 0, "num_statements": 2, "percent_covered": 0.0, "percent_covered_display": "0", "missing_lines": 2, "excluded_lines": 0, "percent_statements_covered": 0.0, "percent_statements_covered_display": "0", "num_branches": 0, "num_partial_branches": 0, "covered_branches": 0, "missing_branches": 0, "percent_branches_covered": 100.0, "percent_branches_covered_display": "100"}, "missing_lines": [63, 73], "excluded_lines": [], "start_line": 54, "executed_branches": [], "missing_branches": []}, "RuleLineage": {"executed_lines": [], "summary": {"covered_lines": 0, "num_statements": 2, "percent_covered": 0.0, "percent_covered_display": "0", "missing_lines": 2, "excluded_lines": 0, "percent_statements_covered": 0.0, "percent_statements_covered_display": "0", "num_branches": 0, "num_partial_branches": 0, "covered_branches": 0, "missing_branches": 0, "percent_branches_covered": 100.0, "percent_branches_covered_display": "100"}, "missing_lines": [91, 100], "excluded_lines": [], "start_line": 83, "executed_branches": [], "missing_branches": []}, "ExportedRule": {"executed_lines": [], "summary": {"covered_lines": 0, "num_statements": 7, "percent_covered": 0.0, "percent_covered_display": "0", "missing_lines": 7, "excluded_lines": 0, "percent_statements_covered": 0.0, "percent_statements_covered_display": "0", "num_branches": 4, "num_partial_branches": 0, "covered_branches": 0, "missing_branches": 4, "percent_branches_covered": 0.0, "percent_branches_covered_display": "0"}, "missing_lines": [135, 145, 146, 148, 149, 151, 155], "excluded_lines": [], "start_line": 109, "executed_branches": [], "missing_branches": [[145, 146], [145, 148], [148, 149], [148, 151]]}, "RuleExportResult": {"executed_lines": [], "summary": {"covered_lines": 0, "num_statements": 0, "percent_covered": 100.0, "percent_covered_display": "100", "missing_lines": 0, "excluded_lines": 0, "percent_statements_covered": 100.0, "percent_statements_covered_display": "100", "num_branches": 0, "num_partial_branches": 0, "covered_branches": 0, "missing_branches": 0, "percent_branches_covered": 100.0, "percent_branches_covered_display": "100"}, "missing_lines": [], "excluded_lines": [], "start_line": 169, "executed_branches": [], "missing_branches": []}, "RuleImportResult": {"executed_lines": [], "summary": {"covered_lines": 0, "num_statements": 0, "percent_covered": 100.0, "percent_covered_display": "100", "missing_lines": 0, "excluded_lines": 0, "percent_statements_covered": 100.0, "percent_statements_covered_display": "100", "num_branches": 0, "num_partial_branches": 0, "covered_branches": 0, "missing_branches": 0, "percent_branches_covered": 100.0, "percent_branches_covered_display": "100"}, "missing_lines": [], "excluded_lines": [], "start_line": 180, "executed_branches": [], "missing_branches": []}, "RulePortability": {"executed_lines": [], "summary": {"covered_lines": 0, "num_statements": 115, "percent_covered": 0.0, "percent_covered_display": "0", "missing_lines": 115, "excluded_lines": 0, "percent_statements_covered": 0.0, "percent_statements_covered_display": "0", "num_branches": 42, "num_partial_branches": 0, "covered_branches": 0, "missing_branches": 42, "percent_branches_covered": 0.0, "percent_branches_covered_display": "0"}, "missing_lines": [212, 213, 214, 215, 216, 237, 238, 244, 245, 246, 248, 249, 251, 253, 254, 257, 266, 267, 269, 271, 273, 281, 282, 283, 305, 306, 307, 310, 311, 316, 318, 319, 325, 326, 327, 328, 330, 331, 332, 334, 336, 337, 338, 341, 342, 343, 344, 345, 346, 347, 349, 352, 353, 355, 356, 358, 360, 368, 369, 370, 383, 384, 385, 386, 388, 391, 392, 393, 394, 395, 396, 403, 404, 405, 406, 407, 408, 410, 424, 425, 427, 428, 430, 431, 433, 434, 436, 448, 450, 451, 453, 454, 455, 456, 457, 458, 470, 471, 473, 475, 476, 477, 478, 479, 480, 481, 490, 492, 493, 494, 495, 497, 504, 505, 507], "excluded_lines": [], "start_line": 189, "executed_branches": [], "missing_branches": [[237, 238], [237, 244], [244, 245], [244, 248], [251, 253], [251, 257], [310, 311], [310, 316], [318, 319], [318, 325], [331, 332], [331, 334], [336, 337], [336, 358], [341, 342], [341, 352], [342, 343], [342, 345], [345, 346], [345, 347], [347, 349], [347, 352], [383, 384], [383, 385], [385, 386], [385, 388], [392, 393], [392, 403], [404, 405], [404, 410], [424, 425], [424, 427], [427, 428], [427, 430], [430, 431], [430, 433], [433, 434], [433, 436], [450, 451], [450, 453], [492, 493], [492, 507]]}, "": {"executed_lines": [24, 25, 26, 27, 28, 29, 30, 32, 35, 37, 40, 42, 45, 47, 48, 49, 50, 53, 54, 59, 60, 62, 71, 72, 82, 83, 86, 87, 88, 90, 98, 99, 108, 109, 128, 129, 130, 131, 132, 134, 153, 154, 168, 169, 172, 173, 174, 175, 176, 179, 180, 183, 184, 185, 186, 189, 203, 205, 218, 288, 375, 422, 438, 460, 483], "summary": {"covered_lines": 65, "num_statements": 65, "percent_covered": 100.0, "percent_covered_display": "100", "missing_lines": 0, "excluded_lines": 0, "percent_statements_covered": 100.0, "percent_statements_covered_display": "100", "num_branches": 0, "num_partial_branches": 0, "covered_branches": 0, "missing_branches": 0, "percent_branches_covered": 100.0, "percent_branches_covered_display": "100"}, "missing_lines": [], "excluded_lines": [], "start_line": 1, "executed_branches": [], "missing_branches": []}}}}, "totals": {"covered_lines": 2755, "num_statements": 6321, "percent_covered": 37.402096638149175, "percent_covered_display": "37", "missing_lines": 3566, "excluded_lines": 42, "percent_statements_covered": 43.584875810789434, "percent_statements_covered_display": "44", "num_branches": 1978, "num_partial_branches": 77, "covered_branches": 349, "missing_branches": 1629, "percent_branches_covered": 17.644084934277046, "percent_branches_covered_display": "18"}}